<!DOCTYPE html>
<html>
  <head>
    <meta charset="utf-8"/>
    <title>Test Report</title>
    <link href="assets/style.css" rel="stylesheet" type="text/css"/></head>
  <body onLoad="init()">
    <script>/* This Source Code Form is subject to the terms of the Mozilla Public
 * License, v. 2.0. If a copy of the MPL was not distributed with this file,
 * You can obtain one at http://mozilla.org/MPL/2.0/. */


function toArray(iter) {
    if (iter === null) {
        return null;
    }
    return Array.prototype.slice.call(iter);
}

function find(selector, elem) { // eslint-disable-line no-redeclare
    if (!elem) {
        elem = document;
    }
    return elem.querySelector(selector);
}

function findAll(selector, elem) {
    if (!elem) {
        elem = document;
    }
    return toArray(elem.querySelectorAll(selector));
}

function sortColumn(elem) {
    toggleSortStates(elem);
    const colIndex = toArray(elem.parentNode.childNodes).indexOf(elem);
    let key;
    if (elem.classList.contains('result')) {
        key = keyResult;
    } else if (elem.classList.contains('links')) {
        key = keyLink;
    } else {
        key = keyAlpha;
    }
    sortTable(elem, key(colIndex));
}

function showAllExtras() { // eslint-disable-line no-unused-vars
    findAll('.col-result').forEach(showExtras);
}

function hideAllExtras() { // eslint-disable-line no-unused-vars
    findAll('.col-result').forEach(hideExtras);
}

function showExtras(colresultElem) {
    const extras = colresultElem.parentNode.nextElementSibling;
    const expandcollapse = colresultElem.firstElementChild;
    extras.classList.remove('collapsed');
    expandcollapse.classList.remove('expander');
    expandcollapse.classList.add('collapser');
}

function hideExtras(colresultElem) {
    const extras = colresultElem.parentNode.nextElementSibling;
    const expandcollapse = colresultElem.firstElementChild;
    extras.classList.add('collapsed');
    expandcollapse.classList.remove('collapser');
    expandcollapse.classList.add('expander');
}

function showFilters() {
    const filterItems = document.getElementsByClassName('filter');
    for (let i = 0; i < filterItems.length; i++)
        filterItems[i].hidden = false;
}

function addCollapse() {
    // Add links for show/hide all
    const resulttable = find('table#results-table');
    const showhideall = document.createElement('p');
    showhideall.innerHTML = '<a href="javascript:showAllExtras()">Show all details</a> / ' +
                            '<a href="javascript:hideAllExtras()">Hide all details</a>';
    resulttable.parentElement.insertBefore(showhideall, resulttable);

    // Add show/hide link to each result
    findAll('.col-result').forEach(function(elem) {
        const collapsed = getQueryParameter('collapsed') || 'Passed';
        const extras = elem.parentNode.nextElementSibling;
        const expandcollapse = document.createElement('span');
        if (extras.classList.contains('collapsed')) {
            expandcollapse.classList.add('expander');
        } else if (collapsed.includes(elem.innerHTML)) {
            extras.classList.add('collapsed');
            expandcollapse.classList.add('expander');
        } else {
            expandcollapse.classList.add('collapser');
        }
        elem.appendChild(expandcollapse);

        elem.addEventListener('click', function(event) {
            if (event.currentTarget.parentNode.nextElementSibling.classList.contains('collapsed')) {
                showExtras(event.currentTarget);
            } else {
                hideExtras(event.currentTarget);
            }
        });
    });
}

function getQueryParameter(name) {
    const match = RegExp('[?&]' + name + '=([^&]*)').exec(window.location.search);
    return match && decodeURIComponent(match[1].replace(/\+/g, ' '));
}

function init () { // eslint-disable-line no-unused-vars
    resetSortHeaders();

    addCollapse();

    showFilters();

    sortColumn(find('.initial-sort'));

    findAll('.sortable').forEach(function(elem) {
        elem.addEventListener('click',
            function() {
                sortColumn(elem);
            }, false);
    });
}

function sortTable(clicked, keyFunc) {
    const rows = findAll('.results-table-row');
    const reversed = !clicked.classList.contains('asc');
    const sortedRows = sort(rows, keyFunc, reversed);
    /* Whole table is removed here because browsers acts much slower
     * when appending existing elements.
     */
    const thead = document.getElementById('results-table-head');
    document.getElementById('results-table').remove();
    const parent = document.createElement('table');
    parent.id = 'results-table';
    parent.appendChild(thead);
    sortedRows.forEach(function(elem) {
        parent.appendChild(elem);
    });
    document.getElementsByTagName('BODY')[0].appendChild(parent);
}

function sort(items, keyFunc, reversed) {
    const sortArray = items.map(function(item, i) {
        return [keyFunc(item), i];
    });

    sortArray.sort(function(a, b) {
        const keyA = a[0];
        const keyB = b[0];

        if (keyA == keyB) return 0;

        if (reversed) {
            return keyA < keyB ? 1 : -1;
        } else {
            return keyA > keyB ? 1 : -1;
        }
    });

    return sortArray.map(function(item) {
        const index = item[1];
        return items[index];
    });
}

function keyAlpha(colIndex) {
    return function(elem) {
        return elem.childNodes[1].childNodes[colIndex].firstChild.data.toLowerCase();
    };
}

function keyLink(colIndex) {
    return function(elem) {
        const dataCell = elem.childNodes[1].childNodes[colIndex].firstChild;
        return dataCell == null ? '' : dataCell.innerText.toLowerCase();
    };
}

function keyResult(colIndex) {
    return function(elem) {
        const strings = ['Error', 'Failed', 'Rerun', 'XFailed', 'XPassed',
            'Skipped', 'Passed'];
        return strings.indexOf(elem.childNodes[1].childNodes[colIndex].firstChild.data);
    };
}

function resetSortHeaders() {
    findAll('.sort-icon').forEach(function(elem) {
        elem.parentNode.removeChild(elem);
    });
    findAll('.sortable').forEach(function(elem) {
        const icon = document.createElement('div');
        icon.className = 'sort-icon';
        icon.textContent = 'vvv';
        elem.insertBefore(icon, elem.firstChild);
        elem.classList.remove('desc', 'active');
        elem.classList.add('asc', 'inactive');
    });
}

function toggleSortStates(elem) {
    //if active, toggle between asc and desc
    if (elem.classList.contains('active')) {
        elem.classList.toggle('asc');
        elem.classList.toggle('desc');
    }

    //if inactive, reset all other functions and add ascending active
    if (elem.classList.contains('inactive')) {
        resetSortHeaders();
        elem.classList.remove('inactive');
        elem.classList.add('active');
    }
}

function isAllRowsHidden(value) {
    return value.hidden == false;
}

function filterTable(elem) { // eslint-disable-line no-unused-vars
    const outcomeAtt = 'data-test-result';
    const outcome = elem.getAttribute(outcomeAtt);
    const classOutcome = outcome + ' results-table-row';
    const outcomeRows = document.getElementsByClassName(classOutcome);

    for(let i = 0; i < outcomeRows.length; i++){
        outcomeRows[i].hidden = !elem.checked;
    }

    const rows = findAll('.results-table-row').filter(isAllRowsHidden);
    const allRowsHidden = rows.length == 0 ? true : false;
    const notFoundMessage = document.getElementById('not-found-message');
    notFoundMessage.hidden = !allRowsHidden;
}
</script>
    <h1>EnquiryReport_18thOct.html</h1>
    <p>Report generated on 29-Oct-2021 at 12:01:12 by <a href="https://pypi.python.org/pypi/pytest-html">pytest-html</a> v3.1.1</p>
    <h2>Environment</h2>
    <table id="environment">
      <tr>
        <td>Module</td>
        <td>Login and Product Page</td></tr>
      <tr>
        <td>Packages</td>
        <td>{"pluggy": "0.13.1", "py": "1.10.0", "pytest": "6.2.4"}</td></tr>
      <tr>
        <td>Platform</td>
        <td>Linux-5.11.0-38-generic-x86_64-with-glibc2.29</td></tr>
      <tr>
        <td>Project Name</td>
        <td>TradeIndia Automation</td></tr>
      <tr>
        <td>Python</td>
        <td>3.8.10</td></tr>
      <tr>
        <td>Tester</td>
        <td>Kartikey Gupta</td></tr></table>
    <h2>Summary</h2>
    <p>7 tests ran in 139.76 seconds. </p>
    <p class="filter" hidden="true">(Un)check the boxes to filter the results.</p><input checked="true" class="filter" data-test-result="passed" disabled="true" hidden="true" name="filter_checkbox" onChange="filterTable(this)" type="checkbox"/><span class="passed">0 passed</span>, <input checked="true" class="filter" data-test-result="skipped" disabled="true" hidden="true" name="filter_checkbox" onChange="filterTable(this)" type="checkbox"/><span class="skipped">0 skipped</span>, <input checked="true" class="filter" data-test-result="failed" hidden="true" name="filter_checkbox" onChange="filterTable(this)" type="checkbox"/><span class="failed">7 failed</span>, <input checked="true" class="filter" data-test-result="error" disabled="true" hidden="true" name="filter_checkbox" onChange="filterTable(this)" type="checkbox"/><span class="error">0 errors</span>, <input checked="true" class="filter" data-test-result="xfailed" disabled="true" hidden="true" name="filter_checkbox" onChange="filterTable(this)" type="checkbox"/><span class="xfailed">0 expected failures</span>, <input checked="true" class="filter" data-test-result="xpassed" disabled="true" hidden="true" name="filter_checkbox" onChange="filterTable(this)" type="checkbox"/><span class="xpassed">0 unexpected passes</span>
    <h2>Results</h2>
    <table id="results-table">
      <thead id="results-table-head">
        <tr>
          <th class="sortable result initial-sort" col="result">Result</th>
          <th class="sortable" col="name">Test</th>
          <th class="sortable" col="duration">Duration</th>
          <th class="sortable links" col="links">Links</th></tr>
        <tr hidden="true" id="not-found-message">
          <th colspan="4">No results found. Try to check the filters</th></tr></thead>
      <tbody class="failed results-table-row">
        <tr>
          <td class="col-result">Failed</td>
          <td class="col-name">test_MoreProducts_sendEnq.py::Test_Enquiry1::test_0012_MoreProductsFromThisSeller_Inquiry</td>
          <td class="col-duration">23.85</td>
          <td class="col-links"></td></tr>
        <tr>
          <td class="extra" colspan="4">
            <div class="log">[gw1] linux -- Python 3.8.10 /home/admin7/PycharmProjects/TI_AutomaTion/venv/bin/python<br/>[gw1] linux -- Python 3.8.10 /home/admin7/PycharmProjects/TI_AutomaTion/venv/bin/python[gw1] linux -- Python 3.8.10 /home/admin7/PycharmProjects/TI_AutomaTion/venv/bin/python<br/><br/>self = &lt;testCases.test_MoreProducts_sendEnq.Test_Enquiry1 object at 0x7fbf4a8d1c70&gt;<br/>setup = &lt;selenium.webdriver.chrome.webdriver.WebDriver (session=&quot;526c56c580e6f05f0c648037f8772c9c&quot;)&gt;<br/><br/>    @pytest.mark.enquiry                    ############# TC marked as regression, marking is given when a specific TC should run only<br/>    def test_0012_MoreProductsFromThisSeller_Inquiry(self,setup):                  ############Always define a testcase function with its initials as &quot;test&quot;<br/>    <br/>    <br/>        self.logger.info(&quot;Test_0012_MoreProductsFromThisSeller_Inquiry ************&quot;)<br/>        self.driver = setup<br/>        self.driver.get(self.baseURL)<br/>        self.logger.info(&quot;************* URL Obtained Properly ************&quot;)<br/>        self.driver.maximize_window()<br/>        self.logger.info(&quot;************* Window maximized ************&quot;)<br/>        self.lp = Login(self.driver)<br/>        self.lp.clickHere()<br/>        self.logger.info(&quot;************* Click here clicked ************&quot;)<br/>        self.lp.setUserName(self.username)<br/>        self.logger.info(&quot;************* Useremail entered properly ************&quot;)<br/>        time.sleep(2)<br/>        self.lp.setPassword(self.password)<br/>        self.logger.info(&quot;************* Password entered properly ************&quot;)<br/>&gt;       self.lp.clickLogin()<br/><br/>testCases/test_MoreProducts_sendEnq.py:40: <br/>_ _ _ _ _ _ _ _ _ _ _ _ _ _ _ _ _ _ _ _ _ _ _ _ _ _ _ _ _ _ _ _ _ _ _ _ _ _ _ _ <br/>pageObjects/loginPage.py:61: in clickLogin<br/>    actual_user = self.driver.find_element_by_xpath(&quot;/html/body/header/div[4]/div/div[2]/div/span[2]/span[1]&quot;).text<br/>venv/lib/python3.8/site-packages/selenium/webdriver/remote/webdriver.py:394: in find_element_by_xpath<br/>    return self.find_element(by=By.XPATH, value=xpath)<br/>venv/lib/python3.8/site-packages/selenium/webdriver/remote/webdriver.py:976: in find_element<br/>    return self.execute(Command.FIND_ELEMENT, {<br/>venv/lib/python3.8/site-packages/selenium/webdriver/remote/webdriver.py:321: in execute<br/>    self.error_handler.check_response(response)<br/>_ _ _ _ _ _ _ _ _ _ _ _ _ _ _ _ _ _ _ _ _ _ _ _ _ _ _ _ _ _ _ _ _ _ _ _ _ _ _ _ <br/><br/>self = &lt;selenium.webdriver.remote.errorhandler.ErrorHandler object at 0x7fbf4a8ed250&gt;<br/>response = {&#x27;status&#x27;: 404, &#x27;value&#x27;: &#x27;{&quot;value&quot;:{&quot;error&quot;:&quot;no such element&quot;,&quot;message&quot;:&quot;no such element: Unable to locate element: {\...v/span[2]/span[1]\\&quot;}\\n  (Session info: chrome=92.0.4515.131)&quot;,&quot;stacktrace&quot;:&quot;#0 0x5619a78ad949 \\u003Cunknown&gt;\\n&quot;}}&#x27;}<br/><br/>    def check_response(self, response):<br/>        &quot;&quot;&quot;<br/>        Checks that a JSON response from the WebDriver does not have an error.<br/>    <br/>        :Args:<br/>         - response - The JSON response from the WebDriver server as a dictionary<br/>           object.<br/>    <br/>        :Raises: If the response contains an error message.<br/>        &quot;&quot;&quot;<br/>        status = response.get(&#x27;status&#x27;, None)<br/>        if status is None or status == ErrorCode.SUCCESS:<br/>            return<br/>        value = None<br/>        message = response.get(&quot;message&quot;, &quot;&quot;)<br/>        screen = response.get(&quot;screen&quot;, &quot;&quot;)<br/>        stacktrace = None<br/>        if isinstance(status, int):<br/>            value_json = response.get(&#x27;value&#x27;, None)<br/>            if value_json and isinstance(value_json, basestring):<br/>                import json<br/>                try:<br/>                    value = json.loads(value_json)<br/>                    if len(value.keys()) == 1:<br/>                        value = value[&#x27;value&#x27;]<br/>                    status = value.get(&#x27;error&#x27;, None)<br/>                    if status is None:<br/>                        status = value[&quot;status&quot;]<br/>                        message = value[&quot;value&quot;]<br/>                        if not isinstance(message, basestring):<br/>                            value = message<br/>                            message = message.get(&#x27;message&#x27;)<br/>                    else:<br/>                        message = value.get(&#x27;message&#x27;, None)<br/>                except ValueError:<br/>                    pass<br/>    <br/>        exception_class = ErrorInResponseException<br/>        if status in ErrorCode.NO_SUCH_ELEMENT:<br/>            exception_class = NoSuchElementException<br/>        elif status in ErrorCode.NO_SUCH_FRAME:<br/>            exception_class = NoSuchFrameException<br/>        elif status in ErrorCode.NO_SUCH_WINDOW:<br/>            exception_class = NoSuchWindowException<br/>        elif status in ErrorCode.STALE_ELEMENT_REFERENCE:<br/>            exception_class = StaleElementReferenceException<br/>        elif status in ErrorCode.ELEMENT_NOT_VISIBLE:<br/>            exception_class = ElementNotVisibleException<br/>        elif status in ErrorCode.INVALID_ELEMENT_STATE:<br/>            exception_class = InvalidElementStateException<br/>        elif status in ErrorCode.INVALID_SELECTOR \<br/>                or status in ErrorCode.INVALID_XPATH_SELECTOR \<br/>                or status in ErrorCode.INVALID_XPATH_SELECTOR_RETURN_TYPER:<br/>            exception_class = InvalidSelectorException<br/>        elif status in ErrorCode.ELEMENT_IS_NOT_SELECTABLE:<br/>            exception_class = ElementNotSelectableException<br/>        elif status in ErrorCode.ELEMENT_NOT_INTERACTABLE:<br/>            exception_class = ElementNotInteractableException<br/>        elif status in ErrorCode.INVALID_COOKIE_DOMAIN:<br/>            exception_class = InvalidCookieDomainException<br/>        elif status in ErrorCode.UNABLE_TO_SET_COOKIE:<br/>            exception_class = UnableToSetCookieException<br/>        elif status in ErrorCode.TIMEOUT:<br/>            exception_class = TimeoutException<br/>        elif status in ErrorCode.SCRIPT_TIMEOUT:<br/>            exception_class = TimeoutException<br/>        elif status in ErrorCode.UNKNOWN_ERROR:<br/>            exception_class = WebDriverException<br/>        elif status in ErrorCode.UNEXPECTED_ALERT_OPEN:<br/>            exception_class = UnexpectedAlertPresentException<br/>        elif status in ErrorCode.NO_ALERT_OPEN:<br/>            exception_class = NoAlertPresentException<br/>        elif status in ErrorCode.IME_NOT_AVAILABLE:<br/>            exception_class = ImeNotAvailableException<br/>        elif status in ErrorCode.IME_ENGINE_ACTIVATION_FAILED:<br/>            exception_class = ImeActivationFailedException<br/>        elif status in ErrorCode.MOVE_TARGET_OUT_OF_BOUNDS:<br/>            exception_class = MoveTargetOutOfBoundsException<br/>        elif status in ErrorCode.JAVASCRIPT_ERROR:<br/>            exception_class = JavascriptException<br/>        elif status in ErrorCode.SESSION_NOT_CREATED:<br/>            exception_class = SessionNotCreatedException<br/>        elif status in ErrorCode.INVALID_ARGUMENT:<br/>            exception_class = InvalidArgumentException<br/>        elif status in ErrorCode.NO_SUCH_COOKIE:<br/>            exception_class = NoSuchCookieException<br/>        elif status in ErrorCode.UNABLE_TO_CAPTURE_SCREEN:<br/>            exception_class = ScreenshotException<br/>        elif status in ErrorCode.ELEMENT_CLICK_INTERCEPTED:<br/>            exception_class = ElementClickInterceptedException<br/>        elif status in ErrorCode.INSECURE_CERTIFICATE:<br/>            exception_class = InsecureCertificateException<br/>        elif status in ErrorCode.INVALID_COORDINATES:<br/>            exception_class = InvalidCoordinatesException<br/>        elif status in ErrorCode.INVALID_SESSION_ID:<br/>            exception_class = InvalidSessionIdException<br/>        elif status in ErrorCode.UNKNOWN_METHOD:<br/>            exception_class = UnknownMethodException<br/>        else:<br/>            exception_class = WebDriverException<br/>        if value == &#x27;&#x27; or value is None:<br/>            value = response[&#x27;value&#x27;]<br/>        if isinstance(value, basestring):<br/>            if exception_class == ErrorInResponseException:<br/>                raise exception_class(response, value)<br/>            raise exception_class(value)<br/>        if message == &quot;&quot; and &#x27;message&#x27; in value:<br/>            message = value[&#x27;message&#x27;]<br/>    <br/>        screen = None<br/>        if &#x27;screen&#x27; in value:<br/>            screen = value[&#x27;screen&#x27;]<br/>    <br/>        stacktrace = None<br/>        if &#x27;stackTrace&#x27; in value and value[&#x27;stackTrace&#x27;]:<br/>            stacktrace = []<br/>            try:<br/>                for frame in value[&#x27;stackTrace&#x27;]:<br/>                    line = self._value_or_default(frame, &#x27;lineNumber&#x27;, &#x27;&#x27;)<br/>                    file = self._value_or_default(frame, &#x27;fileName&#x27;, &#x27;&lt;anonymous&gt;&#x27;)<br/>                    if line:<br/>                        file = &quot;%s:%s&quot; % (file, line)<br/>                    meth = self._value_or_default(frame, &#x27;methodName&#x27;, &#x27;&lt;anonymous&gt;&#x27;)<br/>                    if &#x27;className&#x27; in frame:<br/>                        meth = &quot;%s.%s&quot; % (frame[&#x27;className&#x27;], meth)<br/>                    msg = &quot;    at %s (%s)&quot;<br/>                    msg = msg % (meth, file)<br/>                    stacktrace.append(msg)<br/>            except TypeError:<br/>                pass<br/>        if exception_class == ErrorInResponseException:<br/>            raise exception_class(response, message)<br/>        elif exception_class == UnexpectedAlertPresentException:<br/>            alert_text = None<br/>            if &#x27;data&#x27; in value:<br/>                alert_text = value[&#x27;data&#x27;].get(&#x27;text&#x27;)<br/>            elif &#x27;alert&#x27; in value:<br/>                alert_text = value[&#x27;alert&#x27;].get(&#x27;text&#x27;)<br/>            raise exception_class(message, screen, stacktrace, alert_text)<br/>&gt;       raise exception_class(message, screen, stacktrace)<br/><span class="error">E       selenium.common.exceptions.NoSuchElementException: Message: no such element: Unable to locate element: {&quot;method&quot;:&quot;xpath&quot;,&quot;selector&quot;:&quot;/html/body/header/div[4]/div/div[2]/div/span[2]/span[1]&quot;}</span><br/><span class="error">E         (Session info: chrome=92.0.4515.131)</span><br/><br/>venv/lib/python3.8/site-packages/selenium/webdriver/remote/errorhandler.py:242: NoSuchElementException[gw1] linux -- Python 3.8.10 /home/admin7/PycharmProjects/TI_AutomaTion/venv/bin/python<br/> -------------------------------Captured log setup------------------------------- <br/>INFO     root:conftest.py:21 Chrome Browser Launched<br/> -------------------------------Captured log call-------------------------------- <br/>INFO     root:test_MoreProducts_sendEnq.py:26 Test_0012_MoreProductsFromThisSeller_Inquiry ************
INFO     root:test_MoreProducts_sendEnq.py:29 ************* URL Obtained Properly ************
INFO     root:test_MoreProducts_sendEnq.py:31 ************* Window maximized ************
INFO     root:test_MoreProducts_sendEnq.py:34 ************* Click here clicked ************
INFO     root:test_MoreProducts_sendEnq.py:36 ************* Useremail entered properly ************
INFO     root:test_MoreProducts_sendEnq.py:39 ************* Password entered properly ************
INFO     root:loginPage.py:46 ************* click login pressed ************
INFO     root:loginPage.py:49 ************* try command executed ************
INFO     root:loginPage.py:53 ************* New tab opened ************
INFO     root:loginPage.py:57 ************* Parent tab closed ************
INFO     root:loginPage.py:59 ************* Focus switched on new tab ************<br/></div></td></tr></tbody>
      <tbody class="failed results-table-row">
        <tr>
          <td class="col-result">Failed</td>
          <td class="col-name">test_GetLatestPrice_Enquiry.py::Test_Enquiry2::test_002_GetLatestPrice_Inquiry</td>
          <td class="col-duration">41.26</td>
          <td class="col-links"></td></tr>
        <tr>
          <td class="extra" colspan="4">
            <div class="log">[gw0] linux -- Python 3.8.10 /home/admin7/PycharmProjects/TI_AutomaTion/venv/bin/python<br/>[gw0] linux -- Python 3.8.10 /home/admin7/PycharmProjects/TI_AutomaTion/venv/bin/python[gw0] linux -- Python 3.8.10 /home/admin7/PycharmProjects/TI_AutomaTion/venv/bin/python<br/><br/>self = &lt;testCases.test_GetLatestPrice_Enquiry.Test_Enquiry2 object at 0x7f012d128c40&gt;<br/>setup = &lt;selenium.webdriver.chrome.webdriver.WebDriver (session=&quot;39cb76636ea99d68d4ef778adf68e1de&quot;)&gt;<br/><br/>    @pytest.mark.enquiry                    ############# TC marked as regression, marking is given when a specific TC should run only<br/>    def test_002_GetLatestPrice_Inquiry(self,setup):                  ############Always define a testcase function with its initials as &quot;test&quot;<br/>    <br/>    <br/>        self.logger.info(&quot;Test_002_GetLatestPrice_Inquiry ************&quot;)<br/>        self.driver = setup<br/>        self.driver.get(self.baseURL)<br/>        self.logger.info(&quot;************* URL Obtained Properly ************&quot;)<br/>        self.driver.maximize_window()<br/>        self.logger.info(&quot;************* Window maximized ************&quot;)<br/>        self.lp = Login(self.driver)<br/>        self.lp.clickHere()<br/>        self.logger.info(&quot;************* Click here clicked ************&quot;)<br/>        self.lp.setUserName(self.username)<br/>        self.logger.info(&quot;************* Useremail entered properly ************&quot;)<br/>        time.sleep(2)<br/>        self.lp.setPassword(self.password)<br/>        self.logger.info(&quot;************* Password entered properly ************&quot;)<br/>        self.lp.clickLogin()<br/>        time.sleep(3)<br/>        self.logger.info(&quot;************* click login pressed ************&quot;)<br/>    <br/>        &#x27;&#x27;&#x27;try:<br/>            self.logger.info(&quot;************* try command executed ************&quot;)<br/>            txt=self.driver.find_element_by_xpath(&quot;/html/body/header/div[4]/div/div[2]/div/span[2]/span[1]&quot;).text<br/>        except NoSuchElementException:<br/>            self.driver.execute_script(&quot;window.open(&#x27;https://www.tradeindia.com&#x27;);&quot;)<br/>            self.logger.info(&quot;************* New tab opened ************&quot;)<br/>            handles = self.driver.window_handles<br/>            time.sleep(2)<br/>            self.driver.close()<br/>            self.logger.info(&quot;************* Parent tab closed ************&quot;)<br/>            self.driver.switch_to.window(handles[1])<br/>            self.logger.info(&quot;************* Focus switched on new tab ************&quot;)<br/>        time.sleep(2)<br/>        actual_user = self.driver.find_element_by_xpath(&quot;/html/body/header/div[4]/div/div[2]/div/span[2]/span[1]&quot;).text<br/>        self.logger.info(&quot;************* Xpath handled properly, text grabbed ************&quot;)<br/>        if (actual_user == self.user):<br/>            self.logger.info(&quot;============ User verified, Login Succeed ==============&quot;)<br/>            assert True<br/>        else:<br/>            timestr = datetime.now().strftime(&quot;%d-%m-%Y--%I:%M:%p&quot;)<br/>            self.driver.save_screenshot(&quot;./screenshots/&quot; + &quot;test_loginpage-&quot;+timestr+&quot;.png&quot;)<br/>            self.logger.error(&quot;============= User not verified, Invalid Login!!!, screenshot generated ==============&quot;)<br/>            self.driver.close()<br/>            assert False&#x27;&#x27;&#x27;<br/>    <br/>        self.itemInquiry=Inquiry(self.driver)<br/>&gt;       self.itemInquiry.productsearch(self.product_name)<br/><br/>testCases/test_GetLatestPrice_Enquiry.py:70: <br/>_ _ _ _ _ _ _ _ _ _ _ _ _ _ _ _ _ _ _ _ _ _ _ _ _ _ _ _ _ _ _ _ _ _ _ _ _ _ _ _ <br/>pageObjects/sendEnquiry.py:68: in productsearch<br/>    self.driver.find_element_by_xpath(self.click_product_xpath).click()<br/>venv/lib/python3.8/site-packages/selenium/webdriver/remote/webdriver.py:394: in find_element_by_xpath<br/>    return self.find_element(by=By.XPATH, value=xpath)<br/>venv/lib/python3.8/site-packages/selenium/webdriver/remote/webdriver.py:976: in find_element<br/>    return self.execute(Command.FIND_ELEMENT, {<br/>venv/lib/python3.8/site-packages/selenium/webdriver/remote/webdriver.py:321: in execute<br/>    self.error_handler.check_response(response)<br/>_ _ _ _ _ _ _ _ _ _ _ _ _ _ _ _ _ _ _ _ _ _ _ _ _ _ _ _ _ _ _ _ _ _ _ _ _ _ _ _ <br/><br/>self = &lt;selenium.webdriver.remote.errorhandler.ErrorHandler object at 0x7f012d1461f0&gt;<br/>response = {&#x27;status&#x27;: 404, &#x27;value&#x27;: &#x27;{&quot;value&quot;:{&quot;error&quot;:&quot;no such element&quot;,&quot;message&quot;:&quot;no such element: Unable to locate element: {\...]/div[2]/div[1]/a\\&quot;}\\n  (Session info: chrome=92.0.4515.131)&quot;,&quot;stacktrace&quot;:&quot;#0 0x558502588949 \\u003Cunknown&gt;\\n&quot;}}&#x27;}<br/><br/>    def check_response(self, response):<br/>        &quot;&quot;&quot;<br/>        Checks that a JSON response from the WebDriver does not have an error.<br/>    <br/>        :Args:<br/>         - response - The JSON response from the WebDriver server as a dictionary<br/>           object.<br/>    <br/>        :Raises: If the response contains an error message.<br/>        &quot;&quot;&quot;<br/>        status = response.get(&#x27;status&#x27;, None)<br/>        if status is None or status == ErrorCode.SUCCESS:<br/>            return<br/>        value = None<br/>        message = response.get(&quot;message&quot;, &quot;&quot;)<br/>        screen = response.get(&quot;screen&quot;, &quot;&quot;)<br/>        stacktrace = None<br/>        if isinstance(status, int):<br/>            value_json = response.get(&#x27;value&#x27;, None)<br/>            if value_json and isinstance(value_json, basestring):<br/>                import json<br/>                try:<br/>                    value = json.loads(value_json)<br/>                    if len(value.keys()) == 1:<br/>                        value = value[&#x27;value&#x27;]<br/>                    status = value.get(&#x27;error&#x27;, None)<br/>                    if status is None:<br/>                        status = value[&quot;status&quot;]<br/>                        message = value[&quot;value&quot;]<br/>                        if not isinstance(message, basestring):<br/>                            value = message<br/>                            message = message.get(&#x27;message&#x27;)<br/>                    else:<br/>                        message = value.get(&#x27;message&#x27;, None)<br/>                except ValueError:<br/>                    pass<br/>    <br/>        exception_class = ErrorInResponseException<br/>        if status in ErrorCode.NO_SUCH_ELEMENT:<br/>            exception_class = NoSuchElementException<br/>        elif status in ErrorCode.NO_SUCH_FRAME:<br/>            exception_class = NoSuchFrameException<br/>        elif status in ErrorCode.NO_SUCH_WINDOW:<br/>            exception_class = NoSuchWindowException<br/>        elif status in ErrorCode.STALE_ELEMENT_REFERENCE:<br/>            exception_class = StaleElementReferenceException<br/>        elif status in ErrorCode.ELEMENT_NOT_VISIBLE:<br/>            exception_class = ElementNotVisibleException<br/>        elif status in ErrorCode.INVALID_ELEMENT_STATE:<br/>            exception_class = InvalidElementStateException<br/>        elif status in ErrorCode.INVALID_SELECTOR \<br/>                or status in ErrorCode.INVALID_XPATH_SELECTOR \<br/>                or status in ErrorCode.INVALID_XPATH_SELECTOR_RETURN_TYPER:<br/>            exception_class = InvalidSelectorException<br/>        elif status in ErrorCode.ELEMENT_IS_NOT_SELECTABLE:<br/>            exception_class = ElementNotSelectableException<br/>        elif status in ErrorCode.ELEMENT_NOT_INTERACTABLE:<br/>            exception_class = ElementNotInteractableException<br/>        elif status in ErrorCode.INVALID_COOKIE_DOMAIN:<br/>            exception_class = InvalidCookieDomainException<br/>        elif status in ErrorCode.UNABLE_TO_SET_COOKIE:<br/>            exception_class = UnableToSetCookieException<br/>        elif status in ErrorCode.TIMEOUT:<br/>            exception_class = TimeoutException<br/>        elif status in ErrorCode.SCRIPT_TIMEOUT:<br/>            exception_class = TimeoutException<br/>        elif status in ErrorCode.UNKNOWN_ERROR:<br/>            exception_class = WebDriverException<br/>        elif status in ErrorCode.UNEXPECTED_ALERT_OPEN:<br/>            exception_class = UnexpectedAlertPresentException<br/>        elif status in ErrorCode.NO_ALERT_OPEN:<br/>            exception_class = NoAlertPresentException<br/>        elif status in ErrorCode.IME_NOT_AVAILABLE:<br/>            exception_class = ImeNotAvailableException<br/>        elif status in ErrorCode.IME_ENGINE_ACTIVATION_FAILED:<br/>            exception_class = ImeActivationFailedException<br/>        elif status in ErrorCode.MOVE_TARGET_OUT_OF_BOUNDS:<br/>            exception_class = MoveTargetOutOfBoundsException<br/>        elif status in ErrorCode.JAVASCRIPT_ERROR:<br/>            exception_class = JavascriptException<br/>        elif status in ErrorCode.SESSION_NOT_CREATED:<br/>            exception_class = SessionNotCreatedException<br/>        elif status in ErrorCode.INVALID_ARGUMENT:<br/>            exception_class = InvalidArgumentException<br/>        elif status in ErrorCode.NO_SUCH_COOKIE:<br/>            exception_class = NoSuchCookieException<br/>        elif status in ErrorCode.UNABLE_TO_CAPTURE_SCREEN:<br/>            exception_class = ScreenshotException<br/>        elif status in ErrorCode.ELEMENT_CLICK_INTERCEPTED:<br/>            exception_class = ElementClickInterceptedException<br/>        elif status in ErrorCode.INSECURE_CERTIFICATE:<br/>            exception_class = InsecureCertificateException<br/>        elif status in ErrorCode.INVALID_COORDINATES:<br/>            exception_class = InvalidCoordinatesException<br/>        elif status in ErrorCode.INVALID_SESSION_ID:<br/>            exception_class = InvalidSessionIdException<br/>        elif status in ErrorCode.UNKNOWN_METHOD:<br/>            exception_class = UnknownMethodException<br/>        else:<br/>            exception_class = WebDriverException<br/>        if value == &#x27;&#x27; or value is None:<br/>            value = response[&#x27;value&#x27;]<br/>        if isinstance(value, basestring):<br/>            if exception_class == ErrorInResponseException:<br/>                raise exception_class(response, value)<br/>            raise exception_class(value)<br/>        if message == &quot;&quot; and &#x27;message&#x27; in value:<br/>            message = value[&#x27;message&#x27;]<br/>    <br/>        screen = None<br/>        if &#x27;screen&#x27; in value:<br/>            screen = value[&#x27;screen&#x27;]<br/>    <br/>        stacktrace = None<br/>        if &#x27;stackTrace&#x27; in value and value[&#x27;stackTrace&#x27;]:<br/>            stacktrace = []<br/>            try:<br/>                for frame in value[&#x27;stackTrace&#x27;]:<br/>                    line = self._value_or_default(frame, &#x27;lineNumber&#x27;, &#x27;&#x27;)<br/>                    file = self._value_or_default(frame, &#x27;fileName&#x27;, &#x27;&lt;anonymous&gt;&#x27;)<br/>                    if line:<br/>                        file = &quot;%s:%s&quot; % (file, line)<br/>                    meth = self._value_or_default(frame, &#x27;methodName&#x27;, &#x27;&lt;anonymous&gt;&#x27;)<br/>                    if &#x27;className&#x27; in frame:<br/>                        meth = &quot;%s.%s&quot; % (frame[&#x27;className&#x27;], meth)<br/>                    msg = &quot;    at %s (%s)&quot;<br/>                    msg = msg % (meth, file)<br/>                    stacktrace.append(msg)<br/>            except TypeError:<br/>                pass<br/>        if exception_class == ErrorInResponseException:<br/>            raise exception_class(response, message)<br/>        elif exception_class == UnexpectedAlertPresentException:<br/>            alert_text = None<br/>            if &#x27;data&#x27; in value:<br/>                alert_text = value[&#x27;data&#x27;].get(&#x27;text&#x27;)<br/>            elif &#x27;alert&#x27; in value:<br/>                alert_text = value[&#x27;alert&#x27;].get(&#x27;text&#x27;)<br/>            raise exception_class(message, screen, stacktrace, alert_text)<br/>&gt;       raise exception_class(message, screen, stacktrace)<br/><span class="error">E       selenium.common.exceptions.NoSuchElementException: Message: no such element: Unable to locate element: {&quot;method&quot;:&quot;xpath&quot;,&quot;selector&quot;:&quot;/html/body/main/div/div[1]/div[5]/div[4]/form/div[2]/div[1]/div[1]/div[2]/div[1]/a&quot;}</span><br/><span class="error">E         (Session info: chrome=92.0.4515.131)</span><br/><br/>venv/lib/python3.8/site-packages/selenium/webdriver/remote/errorhandler.py:242: NoSuchElementException[gw0] linux -- Python 3.8.10 /home/admin7/PycharmProjects/TI_AutomaTion/venv/bin/python<br/> -------------------------------Captured log setup------------------------------- <br/>INFO     root:conftest.py:21 Chrome Browser Launched<br/> -------------------------------Captured log call-------------------------------- <br/>INFO     root:test_GetLatestPrice_Enquiry.py:26 Test_002_GetLatestPrice_Inquiry ************
INFO     root:test_GetLatestPrice_Enquiry.py:29 ************* URL Obtained Properly ************
INFO     root:test_GetLatestPrice_Enquiry.py:31 ************* Window maximized ************
INFO     root:test_GetLatestPrice_Enquiry.py:34 ************* Click here clicked ************
INFO     root:test_GetLatestPrice_Enquiry.py:36 ************* Useremail entered properly ************
INFO     root:test_GetLatestPrice_Enquiry.py:39 ************* Password entered properly ************
INFO     root:loginPage.py:46 ************* click login pressed ************
INFO     root:loginPage.py:49 ************* try command executed ************
INFO     root:loginPage.py:62 ************* Xpath handled properly, text grabbed ************
INFO     root:loginPage.py:64 ============ User verified, Login Succeed ==============
INFO     root:test_GetLatestPrice_Enquiry.py:42 ************* click login pressed ************<br/></div></td></tr></tbody>
      <tbody class="failed results-table-row">
        <tr>
          <td class="col-result">Failed</td>
          <td class="col-name">test_SendEnqBtn_CompareSimilar.py::Test_Enquiry6::test_006_SendEnqBtn_CompareSimilarProducts</td>
          <td class="col-duration">39.58</td>
          <td class="col-links"></td></tr>
        <tr>
          <td class="extra" colspan="4">
            <div class="log">[gw1] linux -- Python 3.8.10 /home/admin7/PycharmProjects/TI_AutomaTion/venv/bin/python<br/>[gw1] linux -- Python 3.8.10 /home/admin7/PycharmProjects/TI_AutomaTion/venv/bin/python[gw1] linux -- Python 3.8.10 /home/admin7/PycharmProjects/TI_AutomaTion/venv/bin/python<br/><br/>self = &lt;testCases.test_SendEnqBtn_CompareSimilar.Test_Enquiry6 object at 0x7fbf4b07bc40&gt;<br/>setup = &lt;selenium.webdriver.chrome.webdriver.WebDriver (session=&quot;21a3d284464feb6401434c3f3a8b9786&quot;)&gt;<br/><br/>    @pytest.mark.enquiry                    ############# TC marked as regression, marking is given when a specific TC should run only<br/>    def test_006_SendEnqBtn_CompareSimilarProducts(self,setup):                  ############Always define a testcase function with its initials as &quot;test&quot;<br/>    <br/>    <br/>        self.logger.info(&quot;Test_006_SendEnqBtn_CompareSimilarProducts ************&quot;)<br/>        self.driver = setup<br/>        self.driver.get(self.baseURL)<br/>        self.logger.info(&quot;************* URL Obtained Properly ************&quot;)<br/>        self.driver.maximize_window()<br/>        self.logger.info(&quot;************* Window maximized ************&quot;)<br/>        self.lp = Login(self.driver)<br/>        self.lp.clickHere()<br/>        self.logger.info(&quot;************* Click here clicked ************&quot;)<br/>        self.lp.setUserName(self.username)<br/>        self.logger.info(&quot;************* Useremail entered properly ************&quot;)<br/>        time.sleep(3)<br/>        self.lp.setPassword(self.password)<br/>        self.logger.info(&quot;************* Password entered properly ************&quot;)<br/>        self.lp.clickLogin()<br/>        time.sleep(4)<br/>        self.logger.info(&quot;************* click login pressed ************&quot;)<br/>    <br/>        &#x27;&#x27;&#x27;try:<br/>            self.logger.info(&quot;************* try command executed ************&quot;)<br/>            txt = self.driver.find_element_by_xpath(&quot;/html/body/header/div[4]/div/div[2]/div/span[2]/span[1]&quot;).text<br/>        except NoSuchElementException:<br/>            self.driver.execute_script(&quot;window.open(&#x27;https://www.tradeindia.com&#x27;);&quot;)<br/>            self.logger.info(&quot;************* New tab opened ************&quot;)<br/>            handles = self.driver.window_handles<br/>            time.sleep(2)<br/>            self.driver.close()<br/>            self.logger.info(&quot;************* Parent tab closed ************&quot;)<br/>            self.driver.switch_to.window(handles[1])<br/>            self.logger.info(&quot;************* Focus switched on new tab ************&quot;)<br/>        time.sleep(2)<br/>        actual_user = self.driver.find_element_by_xpath(&quot;/html/body/header/div[4]/div/div[2]/div/span[2]/span[1]&quot;).text<br/>        self.logger.info(&quot;************* Xpath handled properly, text grabbed ************&quot;)<br/>        if (actual_user == self.user):<br/>            self.logger.info(&quot;============ User verified, Login Succeed ==============&quot;)<br/>            assert True<br/>        else:<br/>            timestr = datetime.now().strftime(&quot;%d-%m-%Y--%I:%M:%p&quot;)<br/>            self.driver.save_screenshot(&quot;./screenshots/&quot; + &quot;test_loginpage-&quot;+timestr+&quot;.png&quot;)<br/>            self.logger.error(&quot;============= User not verified, Invalid Login!!!, screenshot generated ==============&quot;)<br/>            self.driver.close()<br/>            assert False&#x27;&#x27;&#x27;<br/>    <br/>        self.itemInquiry=Inquiry(self.driver)<br/>&gt;       self.itemInquiry.productsearch(self.product_name)<br/><br/>testCases/test_SendEnqBtn_CompareSimilar.py:70: <br/>_ _ _ _ _ _ _ _ _ _ _ _ _ _ _ _ _ _ _ _ _ _ _ _ _ _ _ _ _ _ _ _ _ _ _ _ _ _ _ _ <br/>pageObjects/sendEnquiry.py:68: in productsearch<br/>    self.driver.find_element_by_xpath(self.click_product_xpath).click()<br/>venv/lib/python3.8/site-packages/selenium/webdriver/remote/webdriver.py:394: in find_element_by_xpath<br/>    return self.find_element(by=By.XPATH, value=xpath)<br/>venv/lib/python3.8/site-packages/selenium/webdriver/remote/webdriver.py:976: in find_element<br/>    return self.execute(Command.FIND_ELEMENT, {<br/>venv/lib/python3.8/site-packages/selenium/webdriver/remote/webdriver.py:321: in execute<br/>    self.error_handler.check_response(response)<br/>_ _ _ _ _ _ _ _ _ _ _ _ _ _ _ _ _ _ _ _ _ _ _ _ _ _ _ _ _ _ _ _ _ _ _ _ _ _ _ _ <br/><br/>self = &lt;selenium.webdriver.remote.errorhandler.ErrorHandler object at 0x7fbf4b501c10&gt;<br/>response = {&#x27;status&#x27;: 404, &#x27;value&#x27;: &#x27;{&quot;value&quot;:{&quot;error&quot;:&quot;no such element&quot;,&quot;message&quot;:&quot;no such element: Unable to locate element: {\...]/div[2]/div[1]/a\\&quot;}\\n  (Session info: chrome=92.0.4515.131)&quot;,&quot;stacktrace&quot;:&quot;#0 0x562cabbf6949 \\u003Cunknown&gt;\\n&quot;}}&#x27;}<br/><br/>    def check_response(self, response):<br/>        &quot;&quot;&quot;<br/>        Checks that a JSON response from the WebDriver does not have an error.<br/>    <br/>        :Args:<br/>         - response - The JSON response from the WebDriver server as a dictionary<br/>           object.<br/>    <br/>        :Raises: If the response contains an error message.<br/>        &quot;&quot;&quot;<br/>        status = response.get(&#x27;status&#x27;, None)<br/>        if status is None or status == ErrorCode.SUCCESS:<br/>            return<br/>        value = None<br/>        message = response.get(&quot;message&quot;, &quot;&quot;)<br/>        screen = response.get(&quot;screen&quot;, &quot;&quot;)<br/>        stacktrace = None<br/>        if isinstance(status, int):<br/>            value_json = response.get(&#x27;value&#x27;, None)<br/>            if value_json and isinstance(value_json, basestring):<br/>                import json<br/>                try:<br/>                    value = json.loads(value_json)<br/>                    if len(value.keys()) == 1:<br/>                        value = value[&#x27;value&#x27;]<br/>                    status = value.get(&#x27;error&#x27;, None)<br/>                    if status is None:<br/>                        status = value[&quot;status&quot;]<br/>                        message = value[&quot;value&quot;]<br/>                        if not isinstance(message, basestring):<br/>                            value = message<br/>                            message = message.get(&#x27;message&#x27;)<br/>                    else:<br/>                        message = value.get(&#x27;message&#x27;, None)<br/>                except ValueError:<br/>                    pass<br/>    <br/>        exception_class = ErrorInResponseException<br/>        if status in ErrorCode.NO_SUCH_ELEMENT:<br/>            exception_class = NoSuchElementException<br/>        elif status in ErrorCode.NO_SUCH_FRAME:<br/>            exception_class = NoSuchFrameException<br/>        elif status in ErrorCode.NO_SUCH_WINDOW:<br/>            exception_class = NoSuchWindowException<br/>        elif status in ErrorCode.STALE_ELEMENT_REFERENCE:<br/>            exception_class = StaleElementReferenceException<br/>        elif status in ErrorCode.ELEMENT_NOT_VISIBLE:<br/>            exception_class = ElementNotVisibleException<br/>        elif status in ErrorCode.INVALID_ELEMENT_STATE:<br/>            exception_class = InvalidElementStateException<br/>        elif status in ErrorCode.INVALID_SELECTOR \<br/>                or status in ErrorCode.INVALID_XPATH_SELECTOR \<br/>                or status in ErrorCode.INVALID_XPATH_SELECTOR_RETURN_TYPER:<br/>            exception_class = InvalidSelectorException<br/>        elif status in ErrorCode.ELEMENT_IS_NOT_SELECTABLE:<br/>            exception_class = ElementNotSelectableException<br/>        elif status in ErrorCode.ELEMENT_NOT_INTERACTABLE:<br/>            exception_class = ElementNotInteractableException<br/>        elif status in ErrorCode.INVALID_COOKIE_DOMAIN:<br/>            exception_class = InvalidCookieDomainException<br/>        elif status in ErrorCode.UNABLE_TO_SET_COOKIE:<br/>            exception_class = UnableToSetCookieException<br/>        elif status in ErrorCode.TIMEOUT:<br/>            exception_class = TimeoutException<br/>        elif status in ErrorCode.SCRIPT_TIMEOUT:<br/>            exception_class = TimeoutException<br/>        elif status in ErrorCode.UNKNOWN_ERROR:<br/>            exception_class = WebDriverException<br/>        elif status in ErrorCode.UNEXPECTED_ALERT_OPEN:<br/>            exception_class = UnexpectedAlertPresentException<br/>        elif status in ErrorCode.NO_ALERT_OPEN:<br/>            exception_class = NoAlertPresentException<br/>        elif status in ErrorCode.IME_NOT_AVAILABLE:<br/>            exception_class = ImeNotAvailableException<br/>        elif status in ErrorCode.IME_ENGINE_ACTIVATION_FAILED:<br/>            exception_class = ImeActivationFailedException<br/>        elif status in ErrorCode.MOVE_TARGET_OUT_OF_BOUNDS:<br/>            exception_class = MoveTargetOutOfBoundsException<br/>        elif status in ErrorCode.JAVASCRIPT_ERROR:<br/>            exception_class = JavascriptException<br/>        elif status in ErrorCode.SESSION_NOT_CREATED:<br/>            exception_class = SessionNotCreatedException<br/>        elif status in ErrorCode.INVALID_ARGUMENT:<br/>            exception_class = InvalidArgumentException<br/>        elif status in ErrorCode.NO_SUCH_COOKIE:<br/>            exception_class = NoSuchCookieException<br/>        elif status in ErrorCode.UNABLE_TO_CAPTURE_SCREEN:<br/>            exception_class = ScreenshotException<br/>        elif status in ErrorCode.ELEMENT_CLICK_INTERCEPTED:<br/>            exception_class = ElementClickInterceptedException<br/>        elif status in ErrorCode.INSECURE_CERTIFICATE:<br/>            exception_class = InsecureCertificateException<br/>        elif status in ErrorCode.INVALID_COORDINATES:<br/>            exception_class = InvalidCoordinatesException<br/>        elif status in ErrorCode.INVALID_SESSION_ID:<br/>            exception_class = InvalidSessionIdException<br/>        elif status in ErrorCode.UNKNOWN_METHOD:<br/>            exception_class = UnknownMethodException<br/>        else:<br/>            exception_class = WebDriverException<br/>        if value == &#x27;&#x27; or value is None:<br/>            value = response[&#x27;value&#x27;]<br/>        if isinstance(value, basestring):<br/>            if exception_class == ErrorInResponseException:<br/>                raise exception_class(response, value)<br/>            raise exception_class(value)<br/>        if message == &quot;&quot; and &#x27;message&#x27; in value:<br/>            message = value[&#x27;message&#x27;]<br/>    <br/>        screen = None<br/>        if &#x27;screen&#x27; in value:<br/>            screen = value[&#x27;screen&#x27;]<br/>    <br/>        stacktrace = None<br/>        if &#x27;stackTrace&#x27; in value and value[&#x27;stackTrace&#x27;]:<br/>            stacktrace = []<br/>            try:<br/>                for frame in value[&#x27;stackTrace&#x27;]:<br/>                    line = self._value_or_default(frame, &#x27;lineNumber&#x27;, &#x27;&#x27;)<br/>                    file = self._value_or_default(frame, &#x27;fileName&#x27;, &#x27;&lt;anonymous&gt;&#x27;)<br/>                    if line:<br/>                        file = &quot;%s:%s&quot; % (file, line)<br/>                    meth = self._value_or_default(frame, &#x27;methodName&#x27;, &#x27;&lt;anonymous&gt;&#x27;)<br/>                    if &#x27;className&#x27; in frame:<br/>                        meth = &quot;%s.%s&quot; % (frame[&#x27;className&#x27;], meth)<br/>                    msg = &quot;    at %s (%s)&quot;<br/>                    msg = msg % (meth, file)<br/>                    stacktrace.append(msg)<br/>            except TypeError:<br/>                pass<br/>        if exception_class == ErrorInResponseException:<br/>            raise exception_class(response, message)<br/>        elif exception_class == UnexpectedAlertPresentException:<br/>            alert_text = None<br/>            if &#x27;data&#x27; in value:<br/>                alert_text = value[&#x27;data&#x27;].get(&#x27;text&#x27;)<br/>            elif &#x27;alert&#x27; in value:<br/>                alert_text = value[&#x27;alert&#x27;].get(&#x27;text&#x27;)<br/>            raise exception_class(message, screen, stacktrace, alert_text)<br/>&gt;       raise exception_class(message, screen, stacktrace)<br/><span class="error">E       selenium.common.exceptions.NoSuchElementException: Message: no such element: Unable to locate element: {&quot;method&quot;:&quot;xpath&quot;,&quot;selector&quot;:&quot;/html/body/main/div/div[1]/div[5]/div[4]/form/div[2]/div[1]/div[1]/div[2]/div[1]/a&quot;}</span><br/><span class="error">E         (Session info: chrome=92.0.4515.131)</span><br/><br/>venv/lib/python3.8/site-packages/selenium/webdriver/remote/errorhandler.py:242: NoSuchElementException[gw1] linux -- Python 3.8.10 /home/admin7/PycharmProjects/TI_AutomaTion/venv/bin/python<br/> -------------------------------Captured log setup------------------------------- <br/>INFO     root:conftest.py:21 Chrome Browser Launched<br/> -------------------------------Captured log call-------------------------------- <br/>INFO     root:test_SendEnqBtn_CompareSimilar.py:26 Test_006_SendEnqBtn_CompareSimilarProducts ************
INFO     root:test_SendEnqBtn_CompareSimilar.py:29 ************* URL Obtained Properly ************
INFO     root:test_SendEnqBtn_CompareSimilar.py:31 ************* Window maximized ************
INFO     root:test_SendEnqBtn_CompareSimilar.py:34 ************* Click here clicked ************
INFO     root:test_SendEnqBtn_CompareSimilar.py:36 ************* Useremail entered properly ************
INFO     root:test_SendEnqBtn_CompareSimilar.py:39 ************* Password entered properly ************
INFO     root:loginPage.py:46 ************* click login pressed ************
INFO     root:loginPage.py:49 ************* try command executed ************
INFO     root:loginPage.py:62 ************* Xpath handled properly, text grabbed ************
INFO     root:loginPage.py:64 ============ User verified, Login Succeed ==============
INFO     root:test_SendEnqBtn_CompareSimilar.py:42 ************* click login pressed ************<br/></div></td></tr></tbody>
      <tbody class="failed results-table-row">
        <tr>
          <td class="col-result">Failed</td>
          <td class="col-name">test_PostBuyReq_Enquiry.py::Test_Enquiry4::test_004_RED_ButtonInquiry</td>
          <td class="col-duration">36.14</td>
          <td class="col-links"></td></tr>
        <tr>
          <td class="extra" colspan="4">
            <div class="log">[gw0] linux -- Python 3.8.10 /home/admin7/PycharmProjects/TI_AutomaTion/venv/bin/python<br/>[gw0] linux -- Python 3.8.10 /home/admin7/PycharmProjects/TI_AutomaTion/venv/bin/python[gw0] linux -- Python 3.8.10 /home/admin7/PycharmProjects/TI_AutomaTion/venv/bin/python<br/><br/>self = &lt;testCases.test_PostBuyReq_Enquiry.Test_Enquiry4 object at 0x7f012d128eb0&gt;<br/>setup = &lt;selenium.webdriver.chrome.webdriver.WebDriver (session=&quot;0bdaac74904e470366866a0054933431&quot;)&gt;<br/><br/>    @pytest.mark.enquiry                    ############# TC marked as regression, marking is given when a specific TC should run only<br/>    def test_004_RED_ButtonInquiry(self,setup):                  ############Always define a testcase function with its initials as &quot;test&quot;<br/>    <br/>    <br/>        self.logger.info(&quot;Test_004_Post_Buy_RequirementInquiry ************&quot;)<br/>        self.driver = setup<br/>        self.driver.get(self.baseURL)<br/>        self.logger.info(&quot;************* URL Obtained Properly ************&quot;)<br/>        self.driver.maximize_window()<br/>        self.logger.info(&quot;************* Window maximized ************&quot;)<br/>        self.lp = Login(self.driver)<br/>        self.lp.clickHere()<br/>        self.logger.info(&quot;************* Click here clicked ************&quot;)<br/>        self.lp.setUserName(self.username)<br/>        self.logger.info(&quot;************* Useremail entered properly ************&quot;)<br/>        time.sleep(2)<br/>        self.lp.setPassword(self.password)<br/>        self.logger.info(&quot;************* Password entered properly ************&quot;)<br/>        self.lp.clickLogin()<br/>        time.sleep(3)<br/>        self.logger.info(&quot;************* click login pressed ************&quot;)<br/>    <br/>        &#x27;&#x27;&#x27;try:<br/>            self.logger.info(&quot;************* try command executed ************&quot;)<br/>            txt=self.driver.find_element_by_xpath(&quot;/html/body/header/div[4]/div/div[2]/div/span[2]/span[1]&quot;).text<br/>        except NoSuchElementException:<br/>            self.driver.execute_script(&quot;window.open(&#x27;https://www.tradeindia.com&#x27;);&quot;)<br/>            self.logger.info(&quot;************* New tab opened ************&quot;)<br/>            handles = self.driver.window_handles<br/>            time.sleep(2)<br/>            self.driver.close()<br/>            self.logger.info(&quot;************* Parent tab closed ************&quot;)<br/>            self.driver.switch_to.window(handles[1])<br/>            self.logger.info(&quot;************* Focus switched on new tab ************&quot;)<br/>        time.sleep(2)<br/>        actual_user = self.driver.find_element_by_xpath(&quot;/html/body/header/div[4]/div/div[2]/div/span[2]/span[1]&quot;).text<br/>        self.logger.info(&quot;************* Xpath handled properly, text grabbed ************&quot;)<br/>        if (actual_user == self.user):<br/>            self.logger.info(&quot;============ User verified, Login Succeed ==============&quot;)<br/>            assert True<br/>        else:<br/>            timestr = datetime.now().strftime(&quot;%d-%m-%Y--%I:%M:%p&quot;)<br/>            self.driver.save_screenshot(&quot;./screenshots/&quot; + &quot;test_loginpage-&quot;+timestr+&quot;.png&quot;)<br/>            self.logger.error(&quot;============= User not verified, Invalid Login!!!, screenshot generated  ==============&quot;)<br/>            self.driver.close()<br/>            assert False&#x27;&#x27;&#x27;<br/>    <br/>        self.itemInquiry=Inquiry(self.driver)<br/>&gt;       self.itemInquiry.productsearch(self.product_name)<br/><br/>testCases/test_PostBuyReq_Enquiry.py:70: <br/>_ _ _ _ _ _ _ _ _ _ _ _ _ _ _ _ _ _ _ _ _ _ _ _ _ _ _ _ _ _ _ _ _ _ _ _ _ _ _ _ <br/>pageObjects/sendEnquiry.py:68: in productsearch<br/>    self.driver.find_element_by_xpath(self.click_product_xpath).click()<br/>venv/lib/python3.8/site-packages/selenium/webdriver/remote/webdriver.py:394: in find_element_by_xpath<br/>    return self.find_element(by=By.XPATH, value=xpath)<br/>venv/lib/python3.8/site-packages/selenium/webdriver/remote/webdriver.py:976: in find_element<br/>    return self.execute(Command.FIND_ELEMENT, {<br/>venv/lib/python3.8/site-packages/selenium/webdriver/remote/webdriver.py:321: in execute<br/>    self.error_handler.check_response(response)<br/>_ _ _ _ _ _ _ _ _ _ _ _ _ _ _ _ _ _ _ _ _ _ _ _ _ _ _ _ _ _ _ _ _ _ _ _ _ _ _ _ <br/><br/>self = &lt;selenium.webdriver.remote.errorhandler.ErrorHandler object at 0x7f012dd38310&gt;<br/>response = {&#x27;status&#x27;: 404, &#x27;value&#x27;: &#x27;{&quot;value&quot;:{&quot;error&quot;:&quot;no such element&quot;,&quot;message&quot;:&quot;no such element: Unable to locate element: {\...]/div[2]/div[1]/a\\&quot;}\\n  (Session info: chrome=92.0.4515.131)&quot;,&quot;stacktrace&quot;:&quot;#0 0x55ee7e24c949 \\u003Cunknown&gt;\\n&quot;}}&#x27;}<br/><br/>    def check_response(self, response):<br/>        &quot;&quot;&quot;<br/>        Checks that a JSON response from the WebDriver does not have an error.<br/>    <br/>        :Args:<br/>         - response - The JSON response from the WebDriver server as a dictionary<br/>           object.<br/>    <br/>        :Raises: If the response contains an error message.<br/>        &quot;&quot;&quot;<br/>        status = response.get(&#x27;status&#x27;, None)<br/>        if status is None or status == ErrorCode.SUCCESS:<br/>            return<br/>        value = None<br/>        message = response.get(&quot;message&quot;, &quot;&quot;)<br/>        screen = response.get(&quot;screen&quot;, &quot;&quot;)<br/>        stacktrace = None<br/>        if isinstance(status, int):<br/>            value_json = response.get(&#x27;value&#x27;, None)<br/>            if value_json and isinstance(value_json, basestring):<br/>                import json<br/>                try:<br/>                    value = json.loads(value_json)<br/>                    if len(value.keys()) == 1:<br/>                        value = value[&#x27;value&#x27;]<br/>                    status = value.get(&#x27;error&#x27;, None)<br/>                    if status is None:<br/>                        status = value[&quot;status&quot;]<br/>                        message = value[&quot;value&quot;]<br/>                        if not isinstance(message, basestring):<br/>                            value = message<br/>                            message = message.get(&#x27;message&#x27;)<br/>                    else:<br/>                        message = value.get(&#x27;message&#x27;, None)<br/>                except ValueError:<br/>                    pass<br/>    <br/>        exception_class = ErrorInResponseException<br/>        if status in ErrorCode.NO_SUCH_ELEMENT:<br/>            exception_class = NoSuchElementException<br/>        elif status in ErrorCode.NO_SUCH_FRAME:<br/>            exception_class = NoSuchFrameException<br/>        elif status in ErrorCode.NO_SUCH_WINDOW:<br/>            exception_class = NoSuchWindowException<br/>        elif status in ErrorCode.STALE_ELEMENT_REFERENCE:<br/>            exception_class = StaleElementReferenceException<br/>        elif status in ErrorCode.ELEMENT_NOT_VISIBLE:<br/>            exception_class = ElementNotVisibleException<br/>        elif status in ErrorCode.INVALID_ELEMENT_STATE:<br/>            exception_class = InvalidElementStateException<br/>        elif status in ErrorCode.INVALID_SELECTOR \<br/>                or status in ErrorCode.INVALID_XPATH_SELECTOR \<br/>                or status in ErrorCode.INVALID_XPATH_SELECTOR_RETURN_TYPER:<br/>            exception_class = InvalidSelectorException<br/>        elif status in ErrorCode.ELEMENT_IS_NOT_SELECTABLE:<br/>            exception_class = ElementNotSelectableException<br/>        elif status in ErrorCode.ELEMENT_NOT_INTERACTABLE:<br/>            exception_class = ElementNotInteractableException<br/>        elif status in ErrorCode.INVALID_COOKIE_DOMAIN:<br/>            exception_class = InvalidCookieDomainException<br/>        elif status in ErrorCode.UNABLE_TO_SET_COOKIE:<br/>            exception_class = UnableToSetCookieException<br/>        elif status in ErrorCode.TIMEOUT:<br/>            exception_class = TimeoutException<br/>        elif status in ErrorCode.SCRIPT_TIMEOUT:<br/>            exception_class = TimeoutException<br/>        elif status in ErrorCode.UNKNOWN_ERROR:<br/>            exception_class = WebDriverException<br/>        elif status in ErrorCode.UNEXPECTED_ALERT_OPEN:<br/>            exception_class = UnexpectedAlertPresentException<br/>        elif status in ErrorCode.NO_ALERT_OPEN:<br/>            exception_class = NoAlertPresentException<br/>        elif status in ErrorCode.IME_NOT_AVAILABLE:<br/>            exception_class = ImeNotAvailableException<br/>        elif status in ErrorCode.IME_ENGINE_ACTIVATION_FAILED:<br/>            exception_class = ImeActivationFailedException<br/>        elif status in ErrorCode.MOVE_TARGET_OUT_OF_BOUNDS:<br/>            exception_class = MoveTargetOutOfBoundsException<br/>        elif status in ErrorCode.JAVASCRIPT_ERROR:<br/>            exception_class = JavascriptException<br/>        elif status in ErrorCode.SESSION_NOT_CREATED:<br/>            exception_class = SessionNotCreatedException<br/>        elif status in ErrorCode.INVALID_ARGUMENT:<br/>            exception_class = InvalidArgumentException<br/>        elif status in ErrorCode.NO_SUCH_COOKIE:<br/>            exception_class = NoSuchCookieException<br/>        elif status in ErrorCode.UNABLE_TO_CAPTURE_SCREEN:<br/>            exception_class = ScreenshotException<br/>        elif status in ErrorCode.ELEMENT_CLICK_INTERCEPTED:<br/>            exception_class = ElementClickInterceptedException<br/>        elif status in ErrorCode.INSECURE_CERTIFICATE:<br/>            exception_class = InsecureCertificateException<br/>        elif status in ErrorCode.INVALID_COORDINATES:<br/>            exception_class = InvalidCoordinatesException<br/>        elif status in ErrorCode.INVALID_SESSION_ID:<br/>            exception_class = InvalidSessionIdException<br/>        elif status in ErrorCode.UNKNOWN_METHOD:<br/>            exception_class = UnknownMethodException<br/>        else:<br/>            exception_class = WebDriverException<br/>        if value == &#x27;&#x27; or value is None:<br/>            value = response[&#x27;value&#x27;]<br/>        if isinstance(value, basestring):<br/>            if exception_class == ErrorInResponseException:<br/>                raise exception_class(response, value)<br/>            raise exception_class(value)<br/>        if message == &quot;&quot; and &#x27;message&#x27; in value:<br/>            message = value[&#x27;message&#x27;]<br/>    <br/>        screen = None<br/>        if &#x27;screen&#x27; in value:<br/>            screen = value[&#x27;screen&#x27;]<br/>    <br/>        stacktrace = None<br/>        if &#x27;stackTrace&#x27; in value and value[&#x27;stackTrace&#x27;]:<br/>            stacktrace = []<br/>            try:<br/>                for frame in value[&#x27;stackTrace&#x27;]:<br/>                    line = self._value_or_default(frame, &#x27;lineNumber&#x27;, &#x27;&#x27;)<br/>                    file = self._value_or_default(frame, &#x27;fileName&#x27;, &#x27;&lt;anonymous&gt;&#x27;)<br/>                    if line:<br/>                        file = &quot;%s:%s&quot; % (file, line)<br/>                    meth = self._value_or_default(frame, &#x27;methodName&#x27;, &#x27;&lt;anonymous&gt;&#x27;)<br/>                    if &#x27;className&#x27; in frame:<br/>                        meth = &quot;%s.%s&quot; % (frame[&#x27;className&#x27;], meth)<br/>                    msg = &quot;    at %s (%s)&quot;<br/>                    msg = msg % (meth, file)<br/>                    stacktrace.append(msg)<br/>            except TypeError:<br/>                pass<br/>        if exception_class == ErrorInResponseException:<br/>            raise exception_class(response, message)<br/>        elif exception_class == UnexpectedAlertPresentException:<br/>            alert_text = None<br/>            if &#x27;data&#x27; in value:<br/>                alert_text = value[&#x27;data&#x27;].get(&#x27;text&#x27;)<br/>            elif &#x27;alert&#x27; in value:<br/>                alert_text = value[&#x27;alert&#x27;].get(&#x27;text&#x27;)<br/>            raise exception_class(message, screen, stacktrace, alert_text)<br/>&gt;       raise exception_class(message, screen, stacktrace)<br/><span class="error">E       selenium.common.exceptions.NoSuchElementException: Message: no such element: Unable to locate element: {&quot;method&quot;:&quot;xpath&quot;,&quot;selector&quot;:&quot;/html/body/main/div/div[1]/div[5]/div[4]/form/div[2]/div[1]/div[1]/div[2]/div[1]/a&quot;}</span><br/><span class="error">E         (Session info: chrome=92.0.4515.131)</span><br/><br/>venv/lib/python3.8/site-packages/selenium/webdriver/remote/errorhandler.py:242: NoSuchElementException[gw0] linux -- Python 3.8.10 /home/admin7/PycharmProjects/TI_AutomaTion/venv/bin/python<br/> -------------------------------Captured log setup------------------------------- <br/>INFO     root:conftest.py:21 Chrome Browser Launched<br/> -------------------------------Captured log call-------------------------------- <br/>INFO     root:test_PostBuyReq_Enquiry.py:26 Test_004_Post_Buy_RequirementInquiry ************
INFO     root:test_PostBuyReq_Enquiry.py:29 ************* URL Obtained Properly ************
INFO     root:test_PostBuyReq_Enquiry.py:31 ************* Window maximized ************
INFO     root:test_PostBuyReq_Enquiry.py:34 ************* Click here clicked ************
INFO     root:test_PostBuyReq_Enquiry.py:36 ************* Useremail entered properly ************
INFO     root:test_PostBuyReq_Enquiry.py:39 ************* Password entered properly ************
INFO     root:loginPage.py:46 ************* click login pressed ************
INFO     root:loginPage.py:49 ************* try command executed ************
INFO     root:loginPage.py:62 ************* Xpath handled properly, text grabbed ************
INFO     root:loginPage.py:64 ============ User verified, Login Succeed ==============
INFO     root:test_PostBuyReq_Enquiry.py:42 ************* click login pressed ************<br/></div></td></tr></tbody>
      <tbody class="failed results-table-row">
        <tr>
          <td class="col-result">Failed</td>
          <td class="col-name">test_contactSupplier_sendEnq.py::Test_Enquiry3::test_003_ContactSupplier_Inquiry</td>
          <td class="col-duration">39.10</td>
          <td class="col-links"></td></tr>
        <tr>
          <td class="extra" colspan="4">
            <div class="log">[gw1] linux -- Python 3.8.10 /home/admin7/PycharmProjects/TI_AutomaTion/venv/bin/python<br/>[gw1] linux -- Python 3.8.10 /home/admin7/PycharmProjects/TI_AutomaTion/venv/bin/python[gw1] linux -- Python 3.8.10 /home/admin7/PycharmProjects/TI_AutomaTion/venv/bin/python<br/><br/>self = &lt;testCases.test_contactSupplier_sendEnq.Test_Enquiry3 object at 0x7fbf4a8d1f70&gt;<br/>setup = &lt;selenium.webdriver.chrome.webdriver.WebDriver (session=&quot;01d6c8710b75f9a7682d01cc4d9a18c8&quot;)&gt;<br/><br/>    @pytest.mark.enquiry                    ############# TC marked as regression, marking is given when a specific TC should run only<br/>    def test_003_ContactSupplier_Inquiry(self,setup):                  ############Always define a testcase function with its initials as &quot;test&quot;<br/>    <br/>    <br/>        self.logger.info(&quot;Test_007_ContactSupplier_Inquiry ************&quot;)<br/>        self.driver = setup<br/>        self.driver.get(self.baseURL)<br/>        self.logger.info(&quot;************* URL Obtained Properly ************&quot;)<br/>        self.driver.maximize_window()<br/>        self.logger.info(&quot;************* Window maximized ************&quot;)<br/>        self.lp = Login(self.driver)<br/>        self.lp.clickHere()<br/>        self.logger.info(&quot;************* Click here clicked ************&quot;)<br/>        self.lp.setUserName(self.username)<br/>        self.logger.info(&quot;************* Useremail entered properly ************&quot;)<br/>        time.sleep(2)<br/>        self.lp.setPassword(self.password)<br/>        self.logger.info(&quot;************* Password entered properly ************&quot;)<br/>        self.lp.clickLogin()<br/>        time.sleep(3)<br/>        self.logger.info(&quot;************* click login pressed ************&quot;)<br/>    <br/>        &#x27;&#x27;&#x27;try:<br/>            self.logger.info(&quot;************* try command executed ************&quot;)<br/>            txt=self.driver.find_element_by_xpath(&quot;/html/body/header/div[4]/div/div[2]/div/span[2]/span[1]&quot;).text<br/>        except NoSuchElementException:<br/>            self.driver.execute_script(&quot;window.open(&#x27;https://www.tradeindia.com&#x27;);&quot;)<br/>            self.logger.info(&quot;************* New tab opened ************&quot;)<br/>            handles = self.driver.window_handles<br/>            time.sleep(2)<br/>            self.driver.close()<br/>            self.logger.info(&quot;************* Parent tab closed ************&quot;)<br/>            self.driver.switch_to.window(handles[1])<br/>            self.logger.info(&quot;************* Focus switched on new tab ************&quot;)<br/>        time.sleep(2)<br/>        actual_user = self.driver.find_element_by_xpath(&quot;/html/body/header/div[4]/div/div[2]/div/span[2]/span[1]&quot;).text<br/>        self.logger.info(&quot;************* Xpath handled properly, text grabbed ************&quot;)<br/>        if (actual_user == self.user):<br/>            self.logger.info(&quot;============ User verified, Login Succeed ==============&quot;)<br/>            assert True<br/>        else:<br/>            timestr = datetime.now().strftime(&quot;%d-%m-%Y--%I:%M:%p&quot;)<br/>            self.driver.save_screenshot(&quot;./screenshots/&quot; + &quot;test_loginpage-&quot;+timestr+&quot;.png&quot;)<br/>            self.logger.error(&quot;============= User not verified, Invalid Login!!!, screenshot generated  ==============&quot;)<br/>            self.driver.close()<br/>            assert False&#x27;&#x27;&#x27;<br/>    <br/>        self.itemInquiry=Inquiry(self.driver)<br/>&gt;       self.itemInquiry.productsearch(self.product_name)<br/><br/>testCases/test_contactSupplier_sendEnq.py:70: <br/>_ _ _ _ _ _ _ _ _ _ _ _ _ _ _ _ _ _ _ _ _ _ _ _ _ _ _ _ _ _ _ _ _ _ _ _ _ _ _ _ <br/>pageObjects/sendEnquiry.py:68: in productsearch<br/>    self.driver.find_element_by_xpath(self.click_product_xpath).click()<br/>venv/lib/python3.8/site-packages/selenium/webdriver/remote/webdriver.py:394: in find_element_by_xpath<br/>    return self.find_element(by=By.XPATH, value=xpath)<br/>venv/lib/python3.8/site-packages/selenium/webdriver/remote/webdriver.py:976: in find_element<br/>    return self.execute(Command.FIND_ELEMENT, {<br/>venv/lib/python3.8/site-packages/selenium/webdriver/remote/webdriver.py:321: in execute<br/>    self.error_handler.check_response(response)<br/>_ _ _ _ _ _ _ _ _ _ _ _ _ _ _ _ _ _ _ _ _ _ _ _ _ _ _ _ _ _ _ _ _ _ _ _ _ _ _ _ <br/><br/>self = &lt;selenium.webdriver.remote.errorhandler.ErrorHandler object at 0x7fbf4a7b2550&gt;<br/>response = {&#x27;status&#x27;: 404, &#x27;value&#x27;: &#x27;{&quot;value&quot;:{&quot;error&quot;:&quot;no such element&quot;,&quot;message&quot;:&quot;no such element: Unable to locate element: {\...]/div[2]/div[1]/a\\&quot;}\\n  (Session info: chrome=92.0.4515.131)&quot;,&quot;stacktrace&quot;:&quot;#0 0x55ae01b43949 \\u003Cunknown&gt;\\n&quot;}}&#x27;}<br/><br/>    def check_response(self, response):<br/>        &quot;&quot;&quot;<br/>        Checks that a JSON response from the WebDriver does not have an error.<br/>    <br/>        :Args:<br/>         - response - The JSON response from the WebDriver server as a dictionary<br/>           object.<br/>    <br/>        :Raises: If the response contains an error message.<br/>        &quot;&quot;&quot;<br/>        status = response.get(&#x27;status&#x27;, None)<br/>        if status is None or status == ErrorCode.SUCCESS:<br/>            return<br/>        value = None<br/>        message = response.get(&quot;message&quot;, &quot;&quot;)<br/>        screen = response.get(&quot;screen&quot;, &quot;&quot;)<br/>        stacktrace = None<br/>        if isinstance(status, int):<br/>            value_json = response.get(&#x27;value&#x27;, None)<br/>            if value_json and isinstance(value_json, basestring):<br/>                import json<br/>                try:<br/>                    value = json.loads(value_json)<br/>                    if len(value.keys()) == 1:<br/>                        value = value[&#x27;value&#x27;]<br/>                    status = value.get(&#x27;error&#x27;, None)<br/>                    if status is None:<br/>                        status = value[&quot;status&quot;]<br/>                        message = value[&quot;value&quot;]<br/>                        if not isinstance(message, basestring):<br/>                            value = message<br/>                            message = message.get(&#x27;message&#x27;)<br/>                    else:<br/>                        message = value.get(&#x27;message&#x27;, None)<br/>                except ValueError:<br/>                    pass<br/>    <br/>        exception_class = ErrorInResponseException<br/>        if status in ErrorCode.NO_SUCH_ELEMENT:<br/>            exception_class = NoSuchElementException<br/>        elif status in ErrorCode.NO_SUCH_FRAME:<br/>            exception_class = NoSuchFrameException<br/>        elif status in ErrorCode.NO_SUCH_WINDOW:<br/>            exception_class = NoSuchWindowException<br/>        elif status in ErrorCode.STALE_ELEMENT_REFERENCE:<br/>            exception_class = StaleElementReferenceException<br/>        elif status in ErrorCode.ELEMENT_NOT_VISIBLE:<br/>            exception_class = ElementNotVisibleException<br/>        elif status in ErrorCode.INVALID_ELEMENT_STATE:<br/>            exception_class = InvalidElementStateException<br/>        elif status in ErrorCode.INVALID_SELECTOR \<br/>                or status in ErrorCode.INVALID_XPATH_SELECTOR \<br/>                or status in ErrorCode.INVALID_XPATH_SELECTOR_RETURN_TYPER:<br/>            exception_class = InvalidSelectorException<br/>        elif status in ErrorCode.ELEMENT_IS_NOT_SELECTABLE:<br/>            exception_class = ElementNotSelectableException<br/>        elif status in ErrorCode.ELEMENT_NOT_INTERACTABLE:<br/>            exception_class = ElementNotInteractableException<br/>        elif status in ErrorCode.INVALID_COOKIE_DOMAIN:<br/>            exception_class = InvalidCookieDomainException<br/>        elif status in ErrorCode.UNABLE_TO_SET_COOKIE:<br/>            exception_class = UnableToSetCookieException<br/>        elif status in ErrorCode.TIMEOUT:<br/>            exception_class = TimeoutException<br/>        elif status in ErrorCode.SCRIPT_TIMEOUT:<br/>            exception_class = TimeoutException<br/>        elif status in ErrorCode.UNKNOWN_ERROR:<br/>            exception_class = WebDriverException<br/>        elif status in ErrorCode.UNEXPECTED_ALERT_OPEN:<br/>            exception_class = UnexpectedAlertPresentException<br/>        elif status in ErrorCode.NO_ALERT_OPEN:<br/>            exception_class = NoAlertPresentException<br/>        elif status in ErrorCode.IME_NOT_AVAILABLE:<br/>            exception_class = ImeNotAvailableException<br/>        elif status in ErrorCode.IME_ENGINE_ACTIVATION_FAILED:<br/>            exception_class = ImeActivationFailedException<br/>        elif status in ErrorCode.MOVE_TARGET_OUT_OF_BOUNDS:<br/>            exception_class = MoveTargetOutOfBoundsException<br/>        elif status in ErrorCode.JAVASCRIPT_ERROR:<br/>            exception_class = JavascriptException<br/>        elif status in ErrorCode.SESSION_NOT_CREATED:<br/>            exception_class = SessionNotCreatedException<br/>        elif status in ErrorCode.INVALID_ARGUMENT:<br/>            exception_class = InvalidArgumentException<br/>        elif status in ErrorCode.NO_SUCH_COOKIE:<br/>            exception_class = NoSuchCookieException<br/>        elif status in ErrorCode.UNABLE_TO_CAPTURE_SCREEN:<br/>            exception_class = ScreenshotException<br/>        elif status in ErrorCode.ELEMENT_CLICK_INTERCEPTED:<br/>            exception_class = ElementClickInterceptedException<br/>        elif status in ErrorCode.INSECURE_CERTIFICATE:<br/>            exception_class = InsecureCertificateException<br/>        elif status in ErrorCode.INVALID_COORDINATES:<br/>            exception_class = InvalidCoordinatesException<br/>        elif status in ErrorCode.INVALID_SESSION_ID:<br/>            exception_class = InvalidSessionIdException<br/>        elif status in ErrorCode.UNKNOWN_METHOD:<br/>            exception_class = UnknownMethodException<br/>        else:<br/>            exception_class = WebDriverException<br/>        if value == &#x27;&#x27; or value is None:<br/>            value = response[&#x27;value&#x27;]<br/>        if isinstance(value, basestring):<br/>            if exception_class == ErrorInResponseException:<br/>                raise exception_class(response, value)<br/>            raise exception_class(value)<br/>        if message == &quot;&quot; and &#x27;message&#x27; in value:<br/>            message = value[&#x27;message&#x27;]<br/>    <br/>        screen = None<br/>        if &#x27;screen&#x27; in value:<br/>            screen = value[&#x27;screen&#x27;]<br/>    <br/>        stacktrace = None<br/>        if &#x27;stackTrace&#x27; in value and value[&#x27;stackTrace&#x27;]:<br/>            stacktrace = []<br/>            try:<br/>                for frame in value[&#x27;stackTrace&#x27;]:<br/>                    line = self._value_or_default(frame, &#x27;lineNumber&#x27;, &#x27;&#x27;)<br/>                    file = self._value_or_default(frame, &#x27;fileName&#x27;, &#x27;&lt;anonymous&gt;&#x27;)<br/>                    if line:<br/>                        file = &quot;%s:%s&quot; % (file, line)<br/>                    meth = self._value_or_default(frame, &#x27;methodName&#x27;, &#x27;&lt;anonymous&gt;&#x27;)<br/>                    if &#x27;className&#x27; in frame:<br/>                        meth = &quot;%s.%s&quot; % (frame[&#x27;className&#x27;], meth)<br/>                    msg = &quot;    at %s (%s)&quot;<br/>                    msg = msg % (meth, file)<br/>                    stacktrace.append(msg)<br/>            except TypeError:<br/>                pass<br/>        if exception_class == ErrorInResponseException:<br/>            raise exception_class(response, message)<br/>        elif exception_class == UnexpectedAlertPresentException:<br/>            alert_text = None<br/>            if &#x27;data&#x27; in value:<br/>                alert_text = value[&#x27;data&#x27;].get(&#x27;text&#x27;)<br/>            elif &#x27;alert&#x27; in value:<br/>                alert_text = value[&#x27;alert&#x27;].get(&#x27;text&#x27;)<br/>            raise exception_class(message, screen, stacktrace, alert_text)<br/>&gt;       raise exception_class(message, screen, stacktrace)<br/><span class="error">E       selenium.common.exceptions.NoSuchElementException: Message: no such element: Unable to locate element: {&quot;method&quot;:&quot;xpath&quot;,&quot;selector&quot;:&quot;/html/body/main/div/div[1]/div[5]/div[4]/form/div[2]/div[1]/div[1]/div[2]/div[1]/a&quot;}</span><br/><span class="error">E         (Session info: chrome=92.0.4515.131)</span><br/><br/>venv/lib/python3.8/site-packages/selenium/webdriver/remote/errorhandler.py:242: NoSuchElementException[gw1] linux -- Python 3.8.10 /home/admin7/PycharmProjects/TI_AutomaTion/venv/bin/python<br/> -------------------------------Captured log setup------------------------------- <br/>INFO     root:conftest.py:21 Chrome Browser Launched<br/> -------------------------------Captured log call-------------------------------- <br/>INFO     root:test_contactSupplier_sendEnq.py:26 Test_007_ContactSupplier_Inquiry ************
INFO     root:test_contactSupplier_sendEnq.py:29 ************* URL Obtained Properly ************
INFO     root:test_contactSupplier_sendEnq.py:31 ************* Window maximized ************
INFO     root:test_contactSupplier_sendEnq.py:34 ************* Click here clicked ************
INFO     root:test_contactSupplier_sendEnq.py:36 ************* Useremail entered properly ************
INFO     root:test_contactSupplier_sendEnq.py:39 ************* Password entered properly ************
INFO     root:loginPage.py:46 ************* click login pressed ************
INFO     root:loginPage.py:49 ************* try command executed ************
INFO     root:loginPage.py:62 ************* Xpath handled properly, text grabbed ************
INFO     root:loginPage.py:64 ============ User verified, Login Succeed ==============
INFO     root:test_contactSupplier_sendEnq.py:42 ************* click login pressed ************<br/></div></td></tr></tbody>
      <tbody class="failed results-table-row">
        <tr>
          <td class="col-result">Failed</td>
          <td class="col-name">test_redButton_sendEnquiry.py::Test_Enquiry1::test_001_RED_ButtonInquiry</td>
          <td class="col-duration">36.11</td>
          <td class="col-links"></td></tr>
        <tr>
          <td class="extra" colspan="4">
            <div class="log">[gw0] linux -- Python 3.8.10 /home/admin7/PycharmProjects/TI_AutomaTion/venv/bin/python<br/>[gw0] linux -- Python 3.8.10 /home/admin7/PycharmProjects/TI_AutomaTion/venv/bin/python[gw0] linux -- Python 3.8.10 /home/admin7/PycharmProjects/TI_AutomaTion/venv/bin/python<br/><br/>self = &lt;testCases.test_redButton_sendEnquiry.Test_Enquiry1 object at 0x7f012dd387f0&gt;<br/>setup = &lt;selenium.webdriver.chrome.webdriver.WebDriver (session=&quot;4e286a474754e4648a26851ff30ea3b2&quot;)&gt;<br/><br/>    @pytest.mark.enquiry                    ############# TC marked as regression, marking is given when a specific TC should run only<br/>    def test_001_RED_ButtonInquiry(self,setup):                  ############Always define a testcase function with its initials as &quot;test&quot;<br/>    <br/>    <br/>        self.logger.info(&quot;Test_001_RED_ButtonInquiry ************&quot;)<br/>        self.driver = setup<br/>        self.driver.get(self.baseURL)<br/>        self.logger.info(&quot;************* URL Obtained Properly ************&quot;)<br/>        self.driver.maximize_window()<br/>        self.logger.info(&quot;************* Window maximized ************&quot;)<br/>        self.lp = Login(self.driver)<br/>        self.lp.clickHere()<br/>        self.logger.info(&quot;************* Click here clicked ************&quot;)<br/>        self.lp.setUserName(self.username)<br/>        self.logger.info(&quot;************* Useremail entered properly ************&quot;)<br/>        time.sleep(2)<br/>        self.lp.setPassword(self.password)<br/>        self.logger.info(&quot;************* Password entered properly ************&quot;)<br/>        self.lp.clickLogin()<br/>        time.sleep(3)<br/>        self.logger.info(&quot;************* click login pressed ************&quot;)<br/>    <br/>        &#x27;&#x27;&#x27;try:<br/>            self.logger.info(&quot;************* try command executed ************&quot;)<br/>            txt=self.driver.find_element_by_xpath(&quot;/html/body/header/div[4]/div/div[2]/div/span[2]/span[1]&quot;).text<br/>        except NoSuchElementException:<br/>            self.driver.execute_script(&quot;window.open(&#x27;https://www.tradeindia.com&#x27;);&quot;)<br/>            self.logger.info(&quot;************* New tab opened ************&quot;)<br/>            handles = self.driver.window_handles<br/>            time.sleep(2)<br/>            self.driver.close()<br/>            self.logger.info(&quot;************* Parent tab closed ************&quot;)<br/>            self.driver.switch_to.window(handles[1])<br/>            self.logger.info(&quot;************* Focus switched on new tab ************&quot;)<br/>        time.sleep(2)<br/>        actual_user = self.driver.find_element_by_xpath(&quot;/html/body/header/div[4]/div/div[2]/div/span[2]/span[1]&quot;).text<br/>        self.logger.info(&quot;************* Xpath handled properly, text grabbed ************&quot;)<br/>        if (actual_user == self.user):<br/>            self.logger.info(&quot;============ User verified, Login Succeed ==============&quot;)<br/>            assert True<br/>        else:<br/>            timestr = datetime.now().strftime(&quot;%d-%m-%Y--%I:%M:%p&quot;)<br/>            self.driver.save_screenshot(&quot;./screenshots/&quot; + &quot;test_loginpage-&quot;+timestr+&quot;.png&quot;)<br/>            self.logger.error(&quot;============= User not verified, Invalid Login!!!, screenshot generated  ==============&quot;)<br/>            self.driver.close()<br/>            assert False&#x27;&#x27;&#x27;<br/>    <br/>        self.itemInquiry=Inquiry(self.driver)<br/>&gt;       self.itemInquiry.productsearch(self.product_name)<br/><br/>testCases/test_redButton_sendEnquiry.py:70: <br/>_ _ _ _ _ _ _ _ _ _ _ _ _ _ _ _ _ _ _ _ _ _ _ _ _ _ _ _ _ _ _ _ _ _ _ _ _ _ _ _ <br/>pageObjects/sendEnquiry.py:68: in productsearch<br/>    self.driver.find_element_by_xpath(self.click_product_xpath).click()<br/>venv/lib/python3.8/site-packages/selenium/webdriver/remote/webdriver.py:394: in find_element_by_xpath<br/>    return self.find_element(by=By.XPATH, value=xpath)<br/>venv/lib/python3.8/site-packages/selenium/webdriver/remote/webdriver.py:976: in find_element<br/>    return self.execute(Command.FIND_ELEMENT, {<br/>venv/lib/python3.8/site-packages/selenium/webdriver/remote/webdriver.py:321: in execute<br/>    self.error_handler.check_response(response)<br/>_ _ _ _ _ _ _ _ _ _ _ _ _ _ _ _ _ _ _ _ _ _ _ _ _ _ _ _ _ _ _ _ _ _ _ _ _ _ _ _ <br/><br/>self = &lt;selenium.webdriver.remote.errorhandler.ErrorHandler object at 0x7f012dc6e6a0&gt;<br/>response = {&#x27;status&#x27;: 404, &#x27;value&#x27;: &#x27;{&quot;value&quot;:{&quot;error&quot;:&quot;no such element&quot;,&quot;message&quot;:&quot;no such element: Unable to locate element: {\...]/div[2]/div[1]/a\\&quot;}\\n  (Session info: chrome=92.0.4515.131)&quot;,&quot;stacktrace&quot;:&quot;#0 0x55f690ffd949 \\u003Cunknown&gt;\\n&quot;}}&#x27;}<br/><br/>    def check_response(self, response):<br/>        &quot;&quot;&quot;<br/>        Checks that a JSON response from the WebDriver does not have an error.<br/>    <br/>        :Args:<br/>         - response - The JSON response from the WebDriver server as a dictionary<br/>           object.<br/>    <br/>        :Raises: If the response contains an error message.<br/>        &quot;&quot;&quot;<br/>        status = response.get(&#x27;status&#x27;, None)<br/>        if status is None or status == ErrorCode.SUCCESS:<br/>            return<br/>        value = None<br/>        message = response.get(&quot;message&quot;, &quot;&quot;)<br/>        screen = response.get(&quot;screen&quot;, &quot;&quot;)<br/>        stacktrace = None<br/>        if isinstance(status, int):<br/>            value_json = response.get(&#x27;value&#x27;, None)<br/>            if value_json and isinstance(value_json, basestring):<br/>                import json<br/>                try:<br/>                    value = json.loads(value_json)<br/>                    if len(value.keys()) == 1:<br/>                        value = value[&#x27;value&#x27;]<br/>                    status = value.get(&#x27;error&#x27;, None)<br/>                    if status is None:<br/>                        status = value[&quot;status&quot;]<br/>                        message = value[&quot;value&quot;]<br/>                        if not isinstance(message, basestring):<br/>                            value = message<br/>                            message = message.get(&#x27;message&#x27;)<br/>                    else:<br/>                        message = value.get(&#x27;message&#x27;, None)<br/>                except ValueError:<br/>                    pass<br/>    <br/>        exception_class = ErrorInResponseException<br/>        if status in ErrorCode.NO_SUCH_ELEMENT:<br/>            exception_class = NoSuchElementException<br/>        elif status in ErrorCode.NO_SUCH_FRAME:<br/>            exception_class = NoSuchFrameException<br/>        elif status in ErrorCode.NO_SUCH_WINDOW:<br/>            exception_class = NoSuchWindowException<br/>        elif status in ErrorCode.STALE_ELEMENT_REFERENCE:<br/>            exception_class = StaleElementReferenceException<br/>        elif status in ErrorCode.ELEMENT_NOT_VISIBLE:<br/>            exception_class = ElementNotVisibleException<br/>        elif status in ErrorCode.INVALID_ELEMENT_STATE:<br/>            exception_class = InvalidElementStateException<br/>        elif status in ErrorCode.INVALID_SELECTOR \<br/>                or status in ErrorCode.INVALID_XPATH_SELECTOR \<br/>                or status in ErrorCode.INVALID_XPATH_SELECTOR_RETURN_TYPER:<br/>            exception_class = InvalidSelectorException<br/>        elif status in ErrorCode.ELEMENT_IS_NOT_SELECTABLE:<br/>            exception_class = ElementNotSelectableException<br/>        elif status in ErrorCode.ELEMENT_NOT_INTERACTABLE:<br/>            exception_class = ElementNotInteractableException<br/>        elif status in ErrorCode.INVALID_COOKIE_DOMAIN:<br/>            exception_class = InvalidCookieDomainException<br/>        elif status in ErrorCode.UNABLE_TO_SET_COOKIE:<br/>            exception_class = UnableToSetCookieException<br/>        elif status in ErrorCode.TIMEOUT:<br/>            exception_class = TimeoutException<br/>        elif status in ErrorCode.SCRIPT_TIMEOUT:<br/>            exception_class = TimeoutException<br/>        elif status in ErrorCode.UNKNOWN_ERROR:<br/>            exception_class = WebDriverException<br/>        elif status in ErrorCode.UNEXPECTED_ALERT_OPEN:<br/>            exception_class = UnexpectedAlertPresentException<br/>        elif status in ErrorCode.NO_ALERT_OPEN:<br/>            exception_class = NoAlertPresentException<br/>        elif status in ErrorCode.IME_NOT_AVAILABLE:<br/>            exception_class = ImeNotAvailableException<br/>        elif status in ErrorCode.IME_ENGINE_ACTIVATION_FAILED:<br/>            exception_class = ImeActivationFailedException<br/>        elif status in ErrorCode.MOVE_TARGET_OUT_OF_BOUNDS:<br/>            exception_class = MoveTargetOutOfBoundsException<br/>        elif status in ErrorCode.JAVASCRIPT_ERROR:<br/>            exception_class = JavascriptException<br/>        elif status in ErrorCode.SESSION_NOT_CREATED:<br/>            exception_class = SessionNotCreatedException<br/>        elif status in ErrorCode.INVALID_ARGUMENT:<br/>            exception_class = InvalidArgumentException<br/>        elif status in ErrorCode.NO_SUCH_COOKIE:<br/>            exception_class = NoSuchCookieException<br/>        elif status in ErrorCode.UNABLE_TO_CAPTURE_SCREEN:<br/>            exception_class = ScreenshotException<br/>        elif status in ErrorCode.ELEMENT_CLICK_INTERCEPTED:<br/>            exception_class = ElementClickInterceptedException<br/>        elif status in ErrorCode.INSECURE_CERTIFICATE:<br/>            exception_class = InsecureCertificateException<br/>        elif status in ErrorCode.INVALID_COORDINATES:<br/>            exception_class = InvalidCoordinatesException<br/>        elif status in ErrorCode.INVALID_SESSION_ID:<br/>            exception_class = InvalidSessionIdException<br/>        elif status in ErrorCode.UNKNOWN_METHOD:<br/>            exception_class = UnknownMethodException<br/>        else:<br/>            exception_class = WebDriverException<br/>        if value == &#x27;&#x27; or value is None:<br/>            value = response[&#x27;value&#x27;]<br/>        if isinstance(value, basestring):<br/>            if exception_class == ErrorInResponseException:<br/>                raise exception_class(response, value)<br/>            raise exception_class(value)<br/>        if message == &quot;&quot; and &#x27;message&#x27; in value:<br/>            message = value[&#x27;message&#x27;]<br/>    <br/>        screen = None<br/>        if &#x27;screen&#x27; in value:<br/>            screen = value[&#x27;screen&#x27;]<br/>    <br/>        stacktrace = None<br/>        if &#x27;stackTrace&#x27; in value and value[&#x27;stackTrace&#x27;]:<br/>            stacktrace = []<br/>            try:<br/>                for frame in value[&#x27;stackTrace&#x27;]:<br/>                    line = self._value_or_default(frame, &#x27;lineNumber&#x27;, &#x27;&#x27;)<br/>                    file = self._value_or_default(frame, &#x27;fileName&#x27;, &#x27;&lt;anonymous&gt;&#x27;)<br/>                    if line:<br/>                        file = &quot;%s:%s&quot; % (file, line)<br/>                    meth = self._value_or_default(frame, &#x27;methodName&#x27;, &#x27;&lt;anonymous&gt;&#x27;)<br/>                    if &#x27;className&#x27; in frame:<br/>                        meth = &quot;%s.%s&quot; % (frame[&#x27;className&#x27;], meth)<br/>                    msg = &quot;    at %s (%s)&quot;<br/>                    msg = msg % (meth, file)<br/>                    stacktrace.append(msg)<br/>            except TypeError:<br/>                pass<br/>        if exception_class == ErrorInResponseException:<br/>            raise exception_class(response, message)<br/>        elif exception_class == UnexpectedAlertPresentException:<br/>            alert_text = None<br/>            if &#x27;data&#x27; in value:<br/>                alert_text = value[&#x27;data&#x27;].get(&#x27;text&#x27;)<br/>            elif &#x27;alert&#x27; in value:<br/>                alert_text = value[&#x27;alert&#x27;].get(&#x27;text&#x27;)<br/>            raise exception_class(message, screen, stacktrace, alert_text)<br/>&gt;       raise exception_class(message, screen, stacktrace)<br/><span class="error">E       selenium.common.exceptions.NoSuchElementException: Message: no such element: Unable to locate element: {&quot;method&quot;:&quot;xpath&quot;,&quot;selector&quot;:&quot;/html/body/main/div/div[1]/div[5]/div[4]/form/div[2]/div[1]/div[1]/div[2]/div[1]/a&quot;}</span><br/><span class="error">E         (Session info: chrome=92.0.4515.131)</span><br/><br/>venv/lib/python3.8/site-packages/selenium/webdriver/remote/errorhandler.py:242: NoSuchElementException[gw0] linux -- Python 3.8.10 /home/admin7/PycharmProjects/TI_AutomaTion/venv/bin/python<br/> -------------------------------Captured log setup------------------------------- <br/>INFO     root:conftest.py:21 Chrome Browser Launched<br/> -------------------------------Captured log call-------------------------------- <br/>INFO     root:test_redButton_sendEnquiry.py:26 Test_001_RED_ButtonInquiry ************
INFO     root:test_redButton_sendEnquiry.py:29 ************* URL Obtained Properly ************
INFO     root:test_redButton_sendEnquiry.py:31 ************* Window maximized ************
INFO     root:test_redButton_sendEnquiry.py:34 ************* Click here clicked ************
INFO     root:test_redButton_sendEnquiry.py:36 ************* Useremail entered properly ************
INFO     root:test_redButton_sendEnquiry.py:39 ************* Password entered properly ************
INFO     root:loginPage.py:46 ************* click login pressed ************
INFO     root:loginPage.py:49 ************* try command executed ************
INFO     root:loginPage.py:62 ************* Xpath handled properly, text grabbed ************
INFO     root:loginPage.py:64 ============ User verified, Login Succeed ==============
INFO     root:test_redButton_sendEnquiry.py:42 ************* click login pressed ************<br/></div></td></tr></tbody>
      <tbody class="failed results-table-row">
        <tr>
          <td class="col-result">Failed</td>
          <td class="col-name">test_yellowBox_sendEnq.py::Test_Enquiry5::test_005_YellowBox_Inquiry</td>
          <td class="col-duration">36.41</td>
          <td class="col-links"></td></tr>
        <tr>
          <td class="extra" colspan="4">
            <div class="log">[gw1] linux -- Python 3.8.10 /home/admin7/PycharmProjects/TI_AutomaTion/venv/bin/python<br/>[gw1] linux -- Python 3.8.10 /home/admin7/PycharmProjects/TI_AutomaTion/venv/bin/python[gw1] linux -- Python 3.8.10 /home/admin7/PycharmProjects/TI_AutomaTion/venv/bin/python<br/><br/>self = &lt;testCases.test_yellowBox_sendEnq.Test_Enquiry5 object at 0x7fbf4a851490&gt;<br/>setup = &lt;selenium.webdriver.chrome.webdriver.WebDriver (session=&quot;8501277b4d2653fc3e12d8a110901475&quot;)&gt;<br/><br/>    @pytest.mark.enquiry                    ############# TC marked as regression, marking is given when a specific TC should run only<br/>    def test_005_YellowBox_Inquiry(self,setup):                  ############Always define a testcase function with its initials as &quot;test&quot;<br/>    <br/>    <br/>        self.logger.info(&quot;Test_005_YellowBox_Inquiry ************&quot;)<br/>        self.driver = setup<br/>        self.driver.get(self.baseURL)<br/>        self.logger.info(&quot;************* URL Obtained Properly ************&quot;)<br/>        self.driver.maximize_window()<br/>        self.logger.info(&quot;************* Window maximized ************&quot;)<br/>        self.lp = Login(self.driver)<br/>        self.lp.clickHere()<br/>        self.logger.info(&quot;************* Click here clicked ************&quot;)<br/>        self.lp.setUserName(self.username)<br/>        self.logger.info(&quot;************* Useremail entered properly ************&quot;)<br/>        time.sleep(2)<br/>        self.lp.setPassword(self.password)<br/>        self.logger.info(&quot;************* Password entered properly ************&quot;)<br/>        self.lp.clickLogin()<br/>        time.sleep(3)<br/>        self.logger.info(&quot;************* click login pressed ************&quot;)<br/>    <br/>        &#x27;&#x27;&#x27;try:<br/>            self.logger.info(&quot;************* try command executed ************&quot;)<br/>            txt=self.driver.find_element_by_xpath(&quot;/html/body/header/div[4]/div/div[2]/div/span[2]/span[1]&quot;).text<br/>        except NoSuchElementException:<br/>            self.driver.execute_script(&quot;window.open(&#x27;https://www.tradeindia.com&#x27;);&quot;)<br/>            self.logger.info(&quot;************* New tab opened ************&quot;)<br/>            handles = self.driver.window_handles<br/>            time.sleep(2)<br/>            self.driver.close()<br/>            self.logger.info(&quot;************* Parent tab closed ************&quot;)<br/>            self.driver.switch_to.window(handles[1])<br/>            self.logger.info(&quot;************* Focus switched on new tab ************&quot;)<br/>        time.sleep(2)<br/>        actual_user = self.driver.find_element_by_xpath(&quot;/html/body/header/div[4]/div/div[2]/div/span[2]/span[1]&quot;).text<br/>        self.logger.info(&quot;************* Xpath handled properly, text grabbed ************&quot;)<br/>        if (actual_user == self.user):<br/>            self.logger.info(&quot;============ User verified, Login Succeed ==============&quot;)<br/>            assert True<br/>        else:<br/>            timestr = datetime.now().strftime(&quot;%d-%m-%Y--%I:%M:%p&quot;)<br/>            self.driver.save_screenshot(&quot;./screenshots/&quot; + &quot;test_loginpage-&quot;+timestr+&quot;.png&quot;)<br/>            self.logger.error(&quot;============= User not verified, Invalid Login!!!, screenshot generated  ==============&quot;)<br/>            self.driver.close()<br/>            assert False&#x27;&#x27;&#x27;<br/>    <br/>        self.itemInquiry = Inquiry(self.driver)<br/>&gt;       self.itemInquiry.productsearch(self.product_name)<br/><br/>testCases/test_yellowBox_sendEnq.py:70: <br/>_ _ _ _ _ _ _ _ _ _ _ _ _ _ _ _ _ _ _ _ _ _ _ _ _ _ _ _ _ _ _ _ _ _ _ _ _ _ _ _ <br/>pageObjects/sendEnquiry.py:68: in productsearch<br/>    self.driver.find_element_by_xpath(self.click_product_xpath).click()<br/>venv/lib/python3.8/site-packages/selenium/webdriver/remote/webdriver.py:394: in find_element_by_xpath<br/>    return self.find_element(by=By.XPATH, value=xpath)<br/>venv/lib/python3.8/site-packages/selenium/webdriver/remote/webdriver.py:976: in find_element<br/>    return self.execute(Command.FIND_ELEMENT, {<br/>venv/lib/python3.8/site-packages/selenium/webdriver/remote/webdriver.py:321: in execute<br/>    self.error_handler.check_response(response)<br/>_ _ _ _ _ _ _ _ _ _ _ _ _ _ _ _ _ _ _ _ _ _ _ _ _ _ _ _ _ _ _ _ _ _ _ _ _ _ _ _ <br/><br/>self = &lt;selenium.webdriver.remote.errorhandler.ErrorHandler object at 0x7fbf4a851700&gt;<br/>response = {&#x27;status&#x27;: 404, &#x27;value&#x27;: &#x27;{&quot;value&quot;:{&quot;error&quot;:&quot;no such element&quot;,&quot;message&quot;:&quot;no such element: Unable to locate element: {\...]/div[2]/div[1]/a\\&quot;}\\n  (Session info: chrome=92.0.4515.131)&quot;,&quot;stacktrace&quot;:&quot;#0 0x56382c27c949 \\u003Cunknown&gt;\\n&quot;}}&#x27;}<br/><br/>    def check_response(self, response):<br/>        &quot;&quot;&quot;<br/>        Checks that a JSON response from the WebDriver does not have an error.<br/>    <br/>        :Args:<br/>         - response - The JSON response from the WebDriver server as a dictionary<br/>           object.<br/>    <br/>        :Raises: If the response contains an error message.<br/>        &quot;&quot;&quot;<br/>        status = response.get(&#x27;status&#x27;, None)<br/>        if status is None or status == ErrorCode.SUCCESS:<br/>            return<br/>        value = None<br/>        message = response.get(&quot;message&quot;, &quot;&quot;)<br/>        screen = response.get(&quot;screen&quot;, &quot;&quot;)<br/>        stacktrace = None<br/>        if isinstance(status, int):<br/>            value_json = response.get(&#x27;value&#x27;, None)<br/>            if value_json and isinstance(value_json, basestring):<br/>                import json<br/>                try:<br/>                    value = json.loads(value_json)<br/>                    if len(value.keys()) == 1:<br/>                        value = value[&#x27;value&#x27;]<br/>                    status = value.get(&#x27;error&#x27;, None)<br/>                    if status is None:<br/>                        status = value[&quot;status&quot;]<br/>                        message = value[&quot;value&quot;]<br/>                        if not isinstance(message, basestring):<br/>                            value = message<br/>                            message = message.get(&#x27;message&#x27;)<br/>                    else:<br/>                        message = value.get(&#x27;message&#x27;, None)<br/>                except ValueError:<br/>                    pass<br/>    <br/>        exception_class = ErrorInResponseException<br/>        if status in ErrorCode.NO_SUCH_ELEMENT:<br/>            exception_class = NoSuchElementException<br/>        elif status in ErrorCode.NO_SUCH_FRAME:<br/>            exception_class = NoSuchFrameException<br/>        elif status in ErrorCode.NO_SUCH_WINDOW:<br/>            exception_class = NoSuchWindowException<br/>        elif status in ErrorCode.STALE_ELEMENT_REFERENCE:<br/>            exception_class = StaleElementReferenceException<br/>        elif status in ErrorCode.ELEMENT_NOT_VISIBLE:<br/>            exception_class = ElementNotVisibleException<br/>        elif status in ErrorCode.INVALID_ELEMENT_STATE:<br/>            exception_class = InvalidElementStateException<br/>        elif status in ErrorCode.INVALID_SELECTOR \<br/>                or status in ErrorCode.INVALID_XPATH_SELECTOR \<br/>                or status in ErrorCode.INVALID_XPATH_SELECTOR_RETURN_TYPER:<br/>            exception_class = InvalidSelectorException<br/>        elif status in ErrorCode.ELEMENT_IS_NOT_SELECTABLE:<br/>            exception_class = ElementNotSelectableException<br/>        elif status in ErrorCode.ELEMENT_NOT_INTERACTABLE:<br/>            exception_class = ElementNotInteractableException<br/>        elif status in ErrorCode.INVALID_COOKIE_DOMAIN:<br/>            exception_class = InvalidCookieDomainException<br/>        elif status in ErrorCode.UNABLE_TO_SET_COOKIE:<br/>            exception_class = UnableToSetCookieException<br/>        elif status in ErrorCode.TIMEOUT:<br/>            exception_class = TimeoutException<br/>        elif status in ErrorCode.SCRIPT_TIMEOUT:<br/>            exception_class = TimeoutException<br/>        elif status in ErrorCode.UNKNOWN_ERROR:<br/>            exception_class = WebDriverException<br/>        elif status in ErrorCode.UNEXPECTED_ALERT_OPEN:<br/>            exception_class = UnexpectedAlertPresentException<br/>        elif status in ErrorCode.NO_ALERT_OPEN:<br/>            exception_class = NoAlertPresentException<br/>        elif status in ErrorCode.IME_NOT_AVAILABLE:<br/>            exception_class = ImeNotAvailableException<br/>        elif status in ErrorCode.IME_ENGINE_ACTIVATION_FAILED:<br/>            exception_class = ImeActivationFailedException<br/>        elif status in ErrorCode.MOVE_TARGET_OUT_OF_BOUNDS:<br/>            exception_class = MoveTargetOutOfBoundsException<br/>        elif status in ErrorCode.JAVASCRIPT_ERROR:<br/>            exception_class = JavascriptException<br/>        elif status in ErrorCode.SESSION_NOT_CREATED:<br/>            exception_class = SessionNotCreatedException<br/>        elif status in ErrorCode.INVALID_ARGUMENT:<br/>            exception_class = InvalidArgumentException<br/>        elif status in ErrorCode.NO_SUCH_COOKIE:<br/>            exception_class = NoSuchCookieException<br/>        elif status in ErrorCode.UNABLE_TO_CAPTURE_SCREEN:<br/>            exception_class = ScreenshotException<br/>        elif status in ErrorCode.ELEMENT_CLICK_INTERCEPTED:<br/>            exception_class = ElementClickInterceptedException<br/>        elif status in ErrorCode.INSECURE_CERTIFICATE:<br/>            exception_class = InsecureCertificateException<br/>        elif status in ErrorCode.INVALID_COORDINATES:<br/>            exception_class = InvalidCoordinatesException<br/>        elif status in ErrorCode.INVALID_SESSION_ID:<br/>            exception_class = InvalidSessionIdException<br/>        elif status in ErrorCode.UNKNOWN_METHOD:<br/>            exception_class = UnknownMethodException<br/>        else:<br/>            exception_class = WebDriverException<br/>        if value == &#x27;&#x27; or value is None:<br/>            value = response[&#x27;value&#x27;]<br/>        if isinstance(value, basestring):<br/>            if exception_class == ErrorInResponseException:<br/>                raise exception_class(response, value)<br/>            raise exception_class(value)<br/>        if message == &quot;&quot; and &#x27;message&#x27; in value:<br/>            message = value[&#x27;message&#x27;]<br/>    <br/>        screen = None<br/>        if &#x27;screen&#x27; in value:<br/>            screen = value[&#x27;screen&#x27;]<br/>    <br/>        stacktrace = None<br/>        if &#x27;stackTrace&#x27; in value and value[&#x27;stackTrace&#x27;]:<br/>            stacktrace = []<br/>            try:<br/>                for frame in value[&#x27;stackTrace&#x27;]:<br/>                    line = self._value_or_default(frame, &#x27;lineNumber&#x27;, &#x27;&#x27;)<br/>                    file = self._value_or_default(frame, &#x27;fileName&#x27;, &#x27;&lt;anonymous&gt;&#x27;)<br/>                    if line:<br/>                        file = &quot;%s:%s&quot; % (file, line)<br/>                    meth = self._value_or_default(frame, &#x27;methodName&#x27;, &#x27;&lt;anonymous&gt;&#x27;)<br/>                    if &#x27;className&#x27; in frame:<br/>                        meth = &quot;%s.%s&quot; % (frame[&#x27;className&#x27;], meth)<br/>                    msg = &quot;    at %s (%s)&quot;<br/>                    msg = msg % (meth, file)<br/>                    stacktrace.append(msg)<br/>            except TypeError:<br/>                pass<br/>        if exception_class == ErrorInResponseException:<br/>            raise exception_class(response, message)<br/>        elif exception_class == UnexpectedAlertPresentException:<br/>            alert_text = None<br/>            if &#x27;data&#x27; in value:<br/>                alert_text = value[&#x27;data&#x27;].get(&#x27;text&#x27;)<br/>            elif &#x27;alert&#x27; in value:<br/>                alert_text = value[&#x27;alert&#x27;].get(&#x27;text&#x27;)<br/>            raise exception_class(message, screen, stacktrace, alert_text)<br/>&gt;       raise exception_class(message, screen, stacktrace)<br/><span class="error">E       selenium.common.exceptions.NoSuchElementException: Message: no such element: Unable to locate element: {&quot;method&quot;:&quot;xpath&quot;,&quot;selector&quot;:&quot;/html/body/main/div/div[1]/div[5]/div[4]/form/div[2]/div[1]/div[1]/div[2]/div[1]/a&quot;}</span><br/><span class="error">E         (Session info: chrome=92.0.4515.131)</span><br/><br/>venv/lib/python3.8/site-packages/selenium/webdriver/remote/errorhandler.py:242: NoSuchElementException[gw1] linux -- Python 3.8.10 /home/admin7/PycharmProjects/TI_AutomaTion/venv/bin/python<br/> -------------------------------Captured log setup------------------------------- <br/>INFO     root:conftest.py:21 Chrome Browser Launched<br/> -------------------------------Captured log call-------------------------------- <br/>INFO     root:test_yellowBox_sendEnq.py:26 Test_005_YellowBox_Inquiry ************
INFO     root:test_yellowBox_sendEnq.py:29 ************* URL Obtained Properly ************
INFO     root:test_yellowBox_sendEnq.py:31 ************* Window maximized ************
INFO     root:test_yellowBox_sendEnq.py:34 ************* Click here clicked ************
INFO     root:test_yellowBox_sendEnq.py:36 ************* Useremail entered properly ************
INFO     root:test_yellowBox_sendEnq.py:39 ************* Password entered properly ************
INFO     root:loginPage.py:46 ************* click login pressed ************
INFO     root:loginPage.py:49 ************* try command executed ************
INFO     root:loginPage.py:62 ************* Xpath handled properly, text grabbed ************
INFO     root:loginPage.py:64 ============ User verified, Login Succeed ==============
INFO     root:test_yellowBox_sendEnq.py:42 ************* click login pressed ************<br/></div></td></tr></tbody></table></body></html>